<?xml version="1.0" encoding="UTF-8"?>
<robot generator="Robot 3.1a1 (Python 3.6.5 on win32)" generated="20190828 10:05:33.141" rpa="false">
<suite id="s1" name="Email Update" source="C:\Users\neilmcloughlin\Documents\robot\querqus loop 2\email_update.robot">
<test id="s1-t1" name="Log in user test">
<kw name="Open Browser" library="SeleniumLibrary">
<doc>Opens a new browser instance to the given ``url``.</doc>
<arguments>
<arg>${LOGIN URL}</arg>
<arg>${BROWSER}</arg>
</arguments>
<msg timestamp="20190828 10:05:33.391" level="INFO">Opening browser 'Chrome' to base url 'https://eu-quercus.elluciancloud.com/app/rcsi/f?p=1001:301:8205114368295::NO:::'.</msg>
<status status="PASS" starttime="20190828 10:05:33.391" endtime="20190828 10:05:37.418"></status>
</kw>
<kw name="Input Text" library="SeleniumLibrary">
<doc>Types the given ``text`` into text field identified by ``locator``.</doc>
<arguments>
<arg>id:P101_USERNAME</arg>
<arg>${username}</arg>
</arguments>
<msg timestamp="20190828 10:05:37.419" level="INFO">Typing text 'neilmcloughlin' into text field 'id:P101_USERNAME'.</msg>
<status status="PASS" starttime="20190828 10:05:37.419" endtime="20190828 10:05:37.545"></status>
</kw>
<kw name="Input Text" library="SeleniumLibrary">
<doc>Types the given ``text`` into text field identified by ``locator``.</doc>
<arguments>
<arg>id:P101_PASSWORD</arg>
<arg>Superdry123!</arg>
</arguments>
<msg timestamp="20190828 10:05:37.545" level="INFO">Typing text 'Superdry123!' into text field 'id:P101_PASSWORD'.</msg>
<status status="PASS" starttime="20190828 10:05:37.545" endtime="20190828 10:05:37.637"></status>
</kw>
<kw name="Click Element" library="SeleniumLibrary">
<doc>Click element identified by ``locator``.</doc>
<arguments>
<arg>name:P101_LOGIN</arg>
</arguments>
<msg timestamp="20190828 10:05:37.637" level="INFO">Clicking element 'name:P101_LOGIN'.</msg>
<status status="PASS" starttime="20190828 10:05:37.637" endtime="20190828 10:05:39.372"></status>
</kw>
<kw name="Sleep" library="BuiltIn">
<doc>Pauses the test executed for the given time.</doc>
<arguments>
<arg>2</arg>
</arguments>
<msg timestamp="20190828 10:05:41.382" level="INFO">Slept 2 seconds</msg>
<status status="PASS" starttime="20190828 10:05:39.372" endtime="20190828 10:05:41.382"></status>
</kw>
<kw name="Click Element" library="SeleniumLibrary">
<doc>Click element identified by ``locator``.</doc>
<arguments>
<arg>xpath://*[@id="R27439901205983165"]/div[1]/a/img</arg>
</arguments>
<msg timestamp="20190828 10:05:41.382" level="INFO">Clicking element 'xpath://*[@id="R27439901205983165"]/div[1]/a/img'.</msg>
<status status="PASS" starttime="20190828 10:05:41.382" endtime="20190828 10:05:41.850"></status>
</kw>
<kw name="${eyedee} | ${eeemail} IN ZIP [ ${eyedees} | ${eeemails} ]" type="for">
<kw name="${eyedee} = 19104621, ${eeemail} = ClaireMcCabe@rcsi.ie" type="foritem">
<kw name="Log To Console" library="BuiltIn">
<doc>Logs the given message to the console.</doc>
<arguments>
<arg>${eyedee}</arg>
<arg>stream=STDOUT</arg>
</arguments>
<status status="PASS" starttime="20190828 10:05:41.851" endtime="20190828 10:05:41.852"></status>
</kw>
<kw name="Input Text" library="SeleniumLibrary">
<doc>Types the given ``text`` into text field identified by ``locator``.</doc>
<arguments>
<arg>xpath://*[@id="P301_SEARCH_TEXT"]</arg>
<arg>${eyedee}</arg>
</arguments>
<msg timestamp="20190828 10:05:41.852" level="INFO">Typing text '19104621' into text field 'xpath://*[@id="P301_SEARCH_TEXT"]'.</msg>
<status status="PASS" starttime="20190828 10:05:41.852" endtime="20190828 10:05:41.983"></status>
</kw>
<kw name="Click Element" library="SeleniumLibrary">
<doc>Click element identified by ``locator``.</doc>
<arguments>
<arg>xpath://*[@id="apex_layout_176308900283848612"]/tbody/tr[1]/td[5]/a</arg>
</arguments>
<msg timestamp="20190828 10:05:41.983" level="INFO">Clicking element 'xpath://*[@id="apex_layout_176308900283848612"]/tbody/tr[1]/td[5]/a'.</msg>
<status status="PASS" starttime="20190828 10:05:41.983" endtime="20190828 10:05:42.721"></status>
</kw>
<kw name="Click Element" library="SeleniumLibrary">
<doc>Click element identified by ``locator``.</doc>
<arguments>
<arg>xpath://*[@id="report_R34198005227411257"]/tbody/tr[2]/td/table/tbody/tr[2]/td[5]/a/img</arg>
</arguments>
<msg timestamp="20190828 10:05:42.721" level="INFO">Clicking element 'xpath://*[@id="report_R34198005227411257"]/tbody/tr[2]/td/table/tbody/tr[2]/td[5]/a/img'.</msg>
<status status="PASS" starttime="20190828 10:05:42.721" endtime="20190828 10:05:43.393"></status>
</kw>
<kw name="Click Element" library="SeleniumLibrary">
<doc>Click element identified by ``locator``.</doc>
<arguments>
<arg>xpath://*[@id="wwvFlowForm"]/div[2]/div[2]/div[2]/div[2]/ul/li[4]/a</arg>
</arguments>
<msg timestamp="20190828 10:05:43.393" level="INFO">Clicking element 'xpath://*[@id="wwvFlowForm"]/div[2]/div[2]/div[2]/div[2]/ul/li[4]/a'.</msg>
<status status="PASS" starttime="20190828 10:05:43.393" endtime="20190828 10:05:44.485"></status>
</kw>
<kw name="Click Element" library="SeleniumLibrary">
<doc>Click element identified by ``locator``.</doc>
<arguments>
<arg>xpath://*[@id="apex_layout_47832382907987045"]/tbody/tr/td/a</arg>
</arguments>
<msg timestamp="20190828 10:05:44.486" level="INFO">Clicking element 'xpath://*[@id="apex_layout_47832382907987045"]/tbody/tr/td/a'.</msg>
<status status="PASS" starttime="20190828 10:05:44.486" endtime="20190828 10:05:45.428"></status>
</kw>
<kw name="Input Text" library="SeleniumLibrary">
<doc>Types the given ``text`` into text field identified by ``locator``.</doc>
<arguments>
<arg>xpath://*[@id="P308_TERM_EMAIL"]</arg>
<arg>${eeemail}</arg>
</arguments>
<msg timestamp="20190828 10:05:45.429" level="INFO">Typing text 'ClaireMcCabe@rcsi.ie' into text field 'xpath://*[@id="P308_TERM_EMAIL"]'.</msg>
<status status="PASS" starttime="20190828 10:05:45.429" endtime="20190828 10:05:45.774"></status>
</kw>
<kw name="Click Element" library="SeleniumLibrary">
<doc>Click element identified by ``locator``.</doc>
<arguments>
<arg>xpath://*[@id="apex_layout_47832382907987045"]/tbody/tr/td/a[1]</arg>
</arguments>
<msg timestamp="20190828 10:05:45.775" level="INFO">Clicking element 'xpath://*[@id="apex_layout_47832382907987045"]/tbody/tr/td/a[1]'.</msg>
<status status="PASS" starttime="20190828 10:05:45.774" endtime="20190828 10:05:47.345"></status>
</kw>
<kw name="Click Element" library="SeleniumLibrary">
<doc>Click element identified by ``locator``.</doc>
<arguments>
<arg>xpath://*[@id="wwvFlowForm"]/div[2]/div[2]/div[2]/div[2]/map/div/a[1]</arg>
</arguments>
<msg timestamp="20190828 10:05:47.346" level="INFO">Clicking element 'xpath://*[@id="wwvFlowForm"]/div[2]/div[2]/div[2]/div[2]/map/div/a[1]'.</msg>
<status status="PASS" starttime="20190828 10:05:47.346" endtime="20190828 10:05:47.687"></status>
</kw>
<status status="PASS" starttime="20190828 10:05:41.851" endtime="20190828 10:05:47.687"></status>
</kw>
<kw name="${eyedee} = 19104856, ${eeemail} = ClaireReilly@rcsi.ie" type="foritem">
<kw name="Log To Console" library="BuiltIn">
<doc>Logs the given message to the console.</doc>
<arguments>
<arg>${eyedee}</arg>
<arg>stream=STDOUT</arg>
</arguments>
<status status="PASS" starttime="20190828 10:05:47.688" endtime="20190828 10:05:47.689"></status>
</kw>
<kw name="Input Text" library="SeleniumLibrary">
<doc>Types the given ``text`` into text field identified by ``locator``.</doc>
<arguments>
<arg>xpath://*[@id="P301_SEARCH_TEXT"]</arg>
<arg>${eyedee}</arg>
</arguments>
<msg timestamp="20190828 10:05:47.689" level="INFO">Typing text '19104856' into text field 'xpath://*[@id="P301_SEARCH_TEXT"]'.</msg>
<status status="PASS" starttime="20190828 10:05:47.689" endtime="20190828 10:05:47.781"></status>
</kw>
<kw name="Click Element" library="SeleniumLibrary">
<doc>Click element identified by ``locator``.</doc>
<arguments>
<arg>xpath://*[@id="apex_layout_176308900283848612"]/tbody/tr[1]/td[5]/a</arg>
</arguments>
<msg timestamp="20190828 10:05:47.781" level="INFO">Clicking element 'xpath://*[@id="apex_layout_176308900283848612"]/tbody/tr[1]/td[5]/a'.</msg>
<status status="PASS" starttime="20190828 10:05:47.781" endtime="20190828 10:05:48.211"></status>
</kw>
<kw name="Click Element" library="SeleniumLibrary">
<doc>Click element identified by ``locator``.</doc>
<arguments>
<arg>xpath://*[@id="report_R34198005227411257"]/tbody/tr[2]/td/table/tbody/tr[2]/td[5]/a/img</arg>
</arguments>
<msg timestamp="20190828 10:05:48.212" level="INFO">Clicking element 'xpath://*[@id="report_R34198005227411257"]/tbody/tr[2]/td/table/tbody/tr[2]/td[5]/a/img'.</msg>
<status status="PASS" starttime="20190828 10:05:48.212" endtime="20190828 10:05:48.579"></status>
</kw>
<kw name="Click Element" library="SeleniumLibrary">
<doc>Click element identified by ``locator``.</doc>
<arguments>
<arg>xpath://*[@id="wwvFlowForm"]/div[2]/div[2]/div[2]/div[2]/ul/li[4]/a</arg>
</arguments>
<msg timestamp="20190828 10:05:48.580" level="INFO">Clicking element 'xpath://*[@id="wwvFlowForm"]/div[2]/div[2]/div[2]/div[2]/ul/li[4]/a'.</msg>
<status status="PASS" starttime="20190828 10:05:48.580" endtime="20190828 10:05:49.353"></status>
</kw>
<kw name="Click Element" library="SeleniumLibrary">
<doc>Click element identified by ``locator``.</doc>
<arguments>
<arg>xpath://*[@id="apex_layout_47832382907987045"]/tbody/tr/td/a</arg>
</arguments>
<msg timestamp="20190828 10:05:49.354" level="INFO">Clicking element 'xpath://*[@id="apex_layout_47832382907987045"]/tbody/tr/td/a'.</msg>
<status status="PASS" starttime="20190828 10:05:49.353" endtime="20190828 10:05:50.105"></status>
</kw>
<kw name="Input Text" library="SeleniumLibrary">
<doc>Types the given ``text`` into text field identified by ``locator``.</doc>
<arguments>
<arg>xpath://*[@id="P308_TERM_EMAIL"]</arg>
<arg>${eeemail}</arg>
</arguments>
<msg timestamp="20190828 10:05:50.106" level="INFO">Typing text 'ClaireReilly@rcsi.ie' into text field 'xpath://*[@id="P308_TERM_EMAIL"]'.</msg>
<status status="PASS" starttime="20190828 10:05:50.105" endtime="20190828 10:05:50.397"></status>
</kw>
<kw name="Click Element" library="SeleniumLibrary">
<doc>Click element identified by ``locator``.</doc>
<arguments>
<arg>xpath://*[@id="apex_layout_47832382907987045"]/tbody/tr/td/a[1]</arg>
</arguments>
<msg timestamp="20190828 10:05:50.397" level="INFO">Clicking element 'xpath://*[@id="apex_layout_47832382907987045"]/tbody/tr/td/a[1]'.</msg>
<status status="PASS" starttime="20190828 10:05:50.397" endtime="20190828 10:05:51.601"></status>
</kw>
<kw name="Click Element" library="SeleniumLibrary">
<doc>Click element identified by ``locator``.</doc>
<arguments>
<arg>xpath://*[@id="wwvFlowForm"]/div[2]/div[2]/div[2]/div[2]/map/div/a[1]</arg>
</arguments>
<msg timestamp="20190828 10:05:51.601" level="INFO">Clicking element 'xpath://*[@id="wwvFlowForm"]/div[2]/div[2]/div[2]/div[2]/map/div/a[1]'.</msg>
<status status="PASS" starttime="20190828 10:05:51.601" endtime="20190828 10:05:51.894"></status>
</kw>
<status status="PASS" starttime="20190828 10:05:47.687" endtime="20190828 10:05:51.894"></status>
</kw>
<kw name="${eyedee} = 19103058, ${eeemail} = ClaireSugrue@rcsi.ie" type="foritem">
<kw name="Log To Console" library="BuiltIn">
<doc>Logs the given message to the console.</doc>
<arguments>
<arg>${eyedee}</arg>
<arg>stream=STDOUT</arg>
</arguments>
<status status="PASS" starttime="20190828 10:05:51.894" endtime="20190828 10:05:51.895"></status>
</kw>
<kw name="Input Text" library="SeleniumLibrary">
<doc>Types the given ``text`` into text field identified by ``locator``.</doc>
<arguments>
<arg>xpath://*[@id="P301_SEARCH_TEXT"]</arg>
<arg>${eyedee}</arg>
</arguments>
<msg timestamp="20190828 10:05:51.896" level="INFO">Typing text '19103058' into text field 'xpath://*[@id="P301_SEARCH_TEXT"]'.</msg>
<status status="PASS" starttime="20190828 10:05:51.896" endtime="20190828 10:05:51.986"></status>
</kw>
<kw name="Click Element" library="SeleniumLibrary">
<doc>Click element identified by ``locator``.</doc>
<arguments>
<arg>xpath://*[@id="apex_layout_176308900283848612"]/tbody/tr[1]/td[5]/a</arg>
</arguments>
<msg timestamp="20190828 10:05:51.987" level="INFO">Clicking element 'xpath://*[@id="apex_layout_176308900283848612"]/tbody/tr[1]/td[5]/a'.</msg>
<status status="PASS" starttime="20190828 10:05:51.986" endtime="20190828 10:05:52.420"></status>
</kw>
<kw name="Click Element" library="SeleniumLibrary">
<doc>Click element identified by ``locator``.</doc>
<arguments>
<arg>xpath://*[@id="report_R34198005227411257"]/tbody/tr[2]/td/table/tbody/tr[2]/td[5]/a/img</arg>
</arguments>
<msg timestamp="20190828 10:05:52.420" level="INFO">Clicking element 'xpath://*[@id="report_R34198005227411257"]/tbody/tr[2]/td/table/tbody/tr[2]/td[5]/a/img'.</msg>
<status status="PASS" starttime="20190828 10:05:52.420" endtime="20190828 10:05:52.735"></status>
</kw>
<kw name="Click Element" library="SeleniumLibrary">
<doc>Click element identified by ``locator``.</doc>
<arguments>
<arg>xpath://*[@id="wwvFlowForm"]/div[2]/div[2]/div[2]/div[2]/ul/li[4]/a</arg>
</arguments>
<msg timestamp="20190828 10:05:52.736" level="INFO">Clicking element 'xpath://*[@id="wwvFlowForm"]/div[2]/div[2]/div[2]/div[2]/ul/li[4]/a'.</msg>
<status status="PASS" starttime="20190828 10:05:52.736" endtime="20190828 10:05:53.436"></status>
</kw>
<kw name="Click Element" library="SeleniumLibrary">
<doc>Click element identified by ``locator``.</doc>
<arguments>
<arg>xpath://*[@id="apex_layout_47832382907987045"]/tbody/tr/td/a</arg>
</arguments>
<msg timestamp="20190828 10:05:53.437" level="INFO">Clicking element 'xpath://*[@id="apex_layout_47832382907987045"]/tbody/tr/td/a'.</msg>
<status status="PASS" starttime="20190828 10:05:53.437" endtime="20190828 10:05:54.221"></status>
</kw>
<kw name="Input Text" library="SeleniumLibrary">
<doc>Types the given ``text`` into text field identified by ``locator``.</doc>
<arguments>
<arg>xpath://*[@id="P308_TERM_EMAIL"]</arg>
<arg>${eeemail}</arg>
</arguments>
<msg timestamp="20190828 10:05:54.222" level="INFO">Typing text 'ClaireSugrue@rcsi.ie' into text field 'xpath://*[@id="P308_TERM_EMAIL"]'.</msg>
<status status="PASS" starttime="20190828 10:05:54.221" endtime="20190828 10:05:54.515"></status>
</kw>
<kw name="Click Element" library="SeleniumLibrary">
<doc>Click element identified by ``locator``.</doc>
<arguments>
<arg>xpath://*[@id="apex_layout_47832382907987045"]/tbody/tr/td/a[1]</arg>
</arguments>
<msg timestamp="20190828 10:05:54.516" level="INFO">Clicking element 'xpath://*[@id="apex_layout_47832382907987045"]/tbody/tr/td/a[1]'.</msg>
<status status="PASS" starttime="20190828 10:05:54.516" endtime="20190828 10:05:55.765"></status>
</kw>
<kw name="Click Element" library="SeleniumLibrary">
<doc>Click element identified by ``locator``.</doc>
<arguments>
<arg>xpath://*[@id="wwvFlowForm"]/div[2]/div[2]/div[2]/div[2]/map/div/a[1]</arg>
</arguments>
<msg timestamp="20190828 10:05:55.765" level="INFO">Clicking element 'xpath://*[@id="wwvFlowForm"]/div[2]/div[2]/div[2]/div[2]/map/div/a[1]'.</msg>
<status status="PASS" starttime="20190828 10:05:55.765" endtime="20190828 10:05:56.176"></status>
</kw>
<status status="PASS" starttime="20190828 10:05:51.894" endtime="20190828 10:05:56.176"></status>
</kw>
<kw name="${eyedee} = 19105994, ${eeemail} = ClodaghRushe@rcsi.ie" type="foritem">
<kw name="Log To Console" library="BuiltIn">
<doc>Logs the given message to the console.</doc>
<arguments>
<arg>${eyedee}</arg>
<arg>stream=STDOUT</arg>
</arguments>
<status status="PASS" starttime="20190828 10:05:56.177" endtime="20190828 10:05:56.177"></status>
</kw>
<kw name="Input Text" library="SeleniumLibrary">
<doc>Types the given ``text`` into text field identified by ``locator``.</doc>
<arguments>
<arg>xpath://*[@id="P301_SEARCH_TEXT"]</arg>
<arg>${eyedee}</arg>
</arguments>
<msg timestamp="20190828 10:05:56.178" level="INFO">Typing text '19105994' into text field 'xpath://*[@id="P301_SEARCH_TEXT"]'.</msg>
<status status="PASS" starttime="20190828 10:05:56.177" endtime="20190828 10:05:56.267"></status>
</kw>
<kw name="Click Element" library="SeleniumLibrary">
<doc>Click element identified by ``locator``.</doc>
<arguments>
<arg>xpath://*[@id="apex_layout_176308900283848612"]/tbody/tr[1]/td[5]/a</arg>
</arguments>
<msg timestamp="20190828 10:05:56.267" level="INFO">Clicking element 'xpath://*[@id="apex_layout_176308900283848612"]/tbody/tr[1]/td[5]/a'.</msg>
<status status="PASS" starttime="20190828 10:05:56.267" endtime="20190828 10:05:56.723"></status>
</kw>
<kw name="Click Element" library="SeleniumLibrary">
<doc>Click element identified by ``locator``.</doc>
<arguments>
<arg>xpath://*[@id="report_R34198005227411257"]/tbody/tr[2]/td/table/tbody/tr[2]/td[5]/a/img</arg>
</arguments>
<msg timestamp="20190828 10:05:56.724" level="INFO">Clicking element 'xpath://*[@id="report_R34198005227411257"]/tbody/tr[2]/td/table/tbody/tr[2]/td[5]/a/img'.</msg>
<status status="PASS" starttime="20190828 10:05:56.724" endtime="20190828 10:05:57.293"></status>
</kw>
<kw name="Click Element" library="SeleniumLibrary">
<doc>Click element identified by ``locator``.</doc>
<arguments>
<arg>xpath://*[@id="wwvFlowForm"]/div[2]/div[2]/div[2]/div[2]/ul/li[4]/a</arg>
</arguments>
<msg timestamp="20190828 10:05:57.293" level="INFO">Clicking element 'xpath://*[@id="wwvFlowForm"]/div[2]/div[2]/div[2]/div[2]/ul/li[4]/a'.</msg>
<status status="PASS" starttime="20190828 10:05:57.293" endtime="20190828 10:05:57.963"></status>
</kw>
<kw name="Click Element" library="SeleniumLibrary">
<doc>Click element identified by ``locator``.</doc>
<arguments>
<arg>xpath://*[@id="apex_layout_47832382907987045"]/tbody/tr/td/a</arg>
</arguments>
<msg timestamp="20190828 10:05:57.964" level="INFO">Clicking element 'xpath://*[@id="apex_layout_47832382907987045"]/tbody/tr/td/a'.</msg>
<status status="PASS" starttime="20190828 10:05:57.963" endtime="20190828 10:05:58.648"></status>
</kw>
<kw name="Input Text" library="SeleniumLibrary">
<doc>Types the given ``text`` into text field identified by ``locator``.</doc>
<arguments>
<arg>xpath://*[@id="P308_TERM_EMAIL"]</arg>
<arg>${eeemail}</arg>
</arguments>
<msg timestamp="20190828 10:05:58.649" level="INFO">Typing text 'ClodaghRushe@rcsi.ie' into text field 'xpath://*[@id="P308_TERM_EMAIL"]'.</msg>
<status status="PASS" starttime="20190828 10:05:58.648" endtime="20190828 10:05:58.942"></status>
</kw>
<kw name="Click Element" library="SeleniumLibrary">
<doc>Click element identified by ``locator``.</doc>
<arguments>
<arg>xpath://*[@id="apex_layout_47832382907987045"]/tbody/tr/td/a[1]</arg>
</arguments>
<msg timestamp="20190828 10:05:58.943" level="INFO">Clicking element 'xpath://*[@id="apex_layout_47832382907987045"]/tbody/tr/td/a[1]'.</msg>
<status status="PASS" starttime="20190828 10:05:58.943" endtime="20190828 10:06:00.395"></status>
</kw>
<kw name="Click Element" library="SeleniumLibrary">
<doc>Click element identified by ``locator``.</doc>
<arguments>
<arg>xpath://*[@id="wwvFlowForm"]/div[2]/div[2]/div[2]/div[2]/map/div/a[1]</arg>
</arguments>
<msg timestamp="20190828 10:06:00.395" level="INFO">Clicking element 'xpath://*[@id="wwvFlowForm"]/div[2]/div[2]/div[2]/div[2]/map/div/a[1]'.</msg>
<status status="PASS" starttime="20190828 10:06:00.395" endtime="20190828 10:06:00.747"></status>
</kw>
<status status="PASS" starttime="20190828 10:05:56.177" endtime="20190828 10:06:00.747"></status>
</kw>
<kw name="${eyedee} = 19704505, ${eeemail} = ColinBarry@rcsi.ie" type="foritem">
<kw name="Log To Console" library="BuiltIn">
<doc>Logs the given message to the console.</doc>
<arguments>
<arg>${eyedee}</arg>
<arg>stream=STDOUT</arg>
</arguments>
<status status="PASS" starttime="20190828 10:06:00.747" endtime="20190828 10:06:00.747"></status>
</kw>
<kw name="Input Text" library="SeleniumLibrary">
<doc>Types the given ``text`` into text field identified by ``locator``.</doc>
<arguments>
<arg>xpath://*[@id="P301_SEARCH_TEXT"]</arg>
<arg>${eyedee}</arg>
</arguments>
<msg timestamp="20190828 10:06:00.748" level="INFO">Typing text '19704505' into text field 'xpath://*[@id="P301_SEARCH_TEXT"]'.</msg>
<status status="PASS" starttime="20190828 10:06:00.748" endtime="20190828 10:06:00.844"></status>
</kw>
<kw name="Click Element" library="SeleniumLibrary">
<doc>Click element identified by ``locator``.</doc>
<arguments>
<arg>xpath://*[@id="apex_layout_176308900283848612"]/tbody/tr[1]/td[5]/a</arg>
</arguments>
<msg timestamp="20190828 10:06:00.844" level="INFO">Clicking element 'xpath://*[@id="apex_layout_176308900283848612"]/tbody/tr[1]/td[5]/a'.</msg>
<status status="PASS" starttime="20190828 10:06:00.844" endtime="20190828 10:06:01.421"></status>
</kw>
<kw name="Click Element" library="SeleniumLibrary">
<doc>Click element identified by ``locator``.</doc>
<arguments>
<arg>xpath://*[@id="report_R34198005227411257"]/tbody/tr[2]/td/table/tbody/tr[2]/td[5]/a/img</arg>
</arguments>
<msg timestamp="20190828 10:06:01.421" level="INFO">Clicking element 'xpath://*[@id="report_R34198005227411257"]/tbody/tr[2]/td/table/tbody/tr[2]/td[5]/a/img'.</msg>
<status status="PASS" starttime="20190828 10:06:01.421" endtime="20190828 10:06:02.009"></status>
</kw>
<kw name="Click Element" library="SeleniumLibrary">
<doc>Click element identified by ``locator``.</doc>
<arguments>
<arg>xpath://*[@id="wwvFlowForm"]/div[2]/div[2]/div[2]/div[2]/ul/li[4]/a</arg>
</arguments>
<msg timestamp="20190828 10:06:02.010" level="INFO">Clicking element 'xpath://*[@id="wwvFlowForm"]/div[2]/div[2]/div[2]/div[2]/ul/li[4]/a'.</msg>
<status status="PASS" starttime="20190828 10:06:02.009" endtime="20190828 10:06:02.854"></status>
</kw>
<kw name="Click Element" library="SeleniumLibrary">
<doc>Click element identified by ``locator``.</doc>
<arguments>
<arg>xpath://*[@id="apex_layout_47832382907987045"]/tbody/tr/td/a</arg>
</arguments>
<msg timestamp="20190828 10:06:02.856" level="INFO">Clicking element 'xpath://*[@id="apex_layout_47832382907987045"]/tbody/tr/td/a'.</msg>
<status status="PASS" starttime="20190828 10:06:02.855" endtime="20190828 10:06:03.598"></status>
</kw>
<kw name="Input Text" library="SeleniumLibrary">
<doc>Types the given ``text`` into text field identified by ``locator``.</doc>
<arguments>
<arg>xpath://*[@id="P308_TERM_EMAIL"]</arg>
<arg>${eeemail}</arg>
</arguments>
<msg timestamp="20190828 10:06:03.598" level="INFO">Typing text 'ColinBarry@rcsi.ie' into text field 'xpath://*[@id="P308_TERM_EMAIL"]'.</msg>
<status status="PASS" starttime="20190828 10:06:03.598" endtime="20190828 10:06:03.910"></status>
</kw>
<kw name="Click Element" library="SeleniumLibrary">
<doc>Click element identified by ``locator``.</doc>
<arguments>
<arg>xpath://*[@id="apex_layout_47832382907987045"]/tbody/tr/td/a[1]</arg>
</arguments>
<msg timestamp="20190828 10:06:03.910" level="INFO">Clicking element 'xpath://*[@id="apex_layout_47832382907987045"]/tbody/tr/td/a[1]'.</msg>
<status status="PASS" starttime="20190828 10:06:03.910" endtime="20190828 10:06:05.132"></status>
</kw>
<kw name="Click Element" library="SeleniumLibrary">
<doc>Click element identified by ``locator``.</doc>
<arguments>
<arg>xpath://*[@id="wwvFlowForm"]/div[2]/div[2]/div[2]/div[2]/map/div/a[1]</arg>
</arguments>
<msg timestamp="20190828 10:06:05.133" level="INFO">Clicking element 'xpath://*[@id="wwvFlowForm"]/div[2]/div[2]/div[2]/div[2]/map/div/a[1]'.</msg>
<status status="PASS" starttime="20190828 10:06:05.132" endtime="20190828 10:06:05.473"></status>
</kw>
<status status="PASS" starttime="20190828 10:06:00.747" endtime="20190828 10:06:05.473"></status>
</kw>
<kw name="${eyedee} = 18197035, ${eeemail} = ConcepcionBerlinP@rcsi.ie" type="foritem">
<kw name="Log To Console" library="BuiltIn">
<doc>Logs the given message to the console.</doc>
<arguments>
<arg>${eyedee}</arg>
<arg>stream=STDOUT</arg>
</arguments>
<status status="PASS" starttime="20190828 10:06:05.473" endtime="20190828 10:06:05.475"></status>
</kw>
<kw name="Input Text" library="SeleniumLibrary">
<doc>Types the given ``text`` into text field identified by ``locator``.</doc>
<arguments>
<arg>xpath://*[@id="P301_SEARCH_TEXT"]</arg>
<arg>${eyedee}</arg>
</arguments>
<msg timestamp="20190828 10:06:05.475" level="INFO">Typing text '18197035' into text field 'xpath://*[@id="P301_SEARCH_TEXT"]'.</msg>
<status status="PASS" starttime="20190828 10:06:05.475" endtime="20190828 10:06:05.610"></status>
</kw>
<kw name="Click Element" library="SeleniumLibrary">
<doc>Click element identified by ``locator``.</doc>
<arguments>
<arg>xpath://*[@id="apex_layout_176308900283848612"]/tbody/tr[1]/td[5]/a</arg>
</arguments>
<msg timestamp="20190828 10:06:05.611" level="INFO">Clicking element 'xpath://*[@id="apex_layout_176308900283848612"]/tbody/tr[1]/td[5]/a'.</msg>
<status status="PASS" starttime="20190828 10:06:05.610" endtime="20190828 10:06:06.018"></status>
</kw>
<kw name="Click Element" library="SeleniumLibrary">
<doc>Click element identified by ``locator``.</doc>
<arguments>
<arg>xpath://*[@id="report_R34198005227411257"]/tbody/tr[2]/td/table/tbody/tr[2]/td[5]/a/img</arg>
</arguments>
<msg timestamp="20190828 10:06:06.018" level="INFO">Clicking element 'xpath://*[@id="report_R34198005227411257"]/tbody/tr[2]/td/table/tbody/tr[2]/td[5]/a/img'.</msg>
<status status="PASS" starttime="20190828 10:06:06.018" endtime="20190828 10:06:06.381"></status>
</kw>
<kw name="Click Element" library="SeleniumLibrary">
<doc>Click element identified by ``locator``.</doc>
<arguments>
<arg>xpath://*[@id="wwvFlowForm"]/div[2]/div[2]/div[2]/div[2]/ul/li[4]/a</arg>
</arguments>
<msg timestamp="20190828 10:06:06.381" level="INFO">Clicking element 'xpath://*[@id="wwvFlowForm"]/div[2]/div[2]/div[2]/div[2]/ul/li[4]/a'.</msg>
<status status="PASS" starttime="20190828 10:06:06.381" endtime="20190828 10:06:07.113"></status>
</kw>
<kw name="Click Element" library="SeleniumLibrary">
<doc>Click element identified by ``locator``.</doc>
<arguments>
<arg>xpath://*[@id="apex_layout_47832382907987045"]/tbody/tr/td/a</arg>
</arguments>
<msg timestamp="20190828 10:06:07.114" level="INFO">Clicking element 'xpath://*[@id="apex_layout_47832382907987045"]/tbody/tr/td/a'.</msg>
<status status="PASS" starttime="20190828 10:06:07.113" endtime="20190828 10:06:07.946"></status>
</kw>
<kw name="Input Text" library="SeleniumLibrary">
<doc>Types the given ``text`` into text field identified by ``locator``.</doc>
<arguments>
<arg>xpath://*[@id="P308_TERM_EMAIL"]</arg>
<arg>${eeemail}</arg>
</arguments>
<msg timestamp="20190828 10:06:07.947" level="INFO">Typing text 'ConcepcionBerlinP@rcsi.ie' into text field 'xpath://*[@id="P308_TERM_EMAIL"]'.</msg>
<status status="PASS" starttime="20190828 10:06:07.946" endtime="20190828 10:06:08.297"></status>
</kw>
<kw name="Click Element" library="SeleniumLibrary">
<doc>Click element identified by ``locator``.</doc>
<arguments>
<arg>xpath://*[@id="apex_layout_47832382907987045"]/tbody/tr/td/a[1]</arg>
</arguments>
<msg timestamp="20190828 10:06:08.298" level="INFO">Clicking element 'xpath://*[@id="apex_layout_47832382907987045"]/tbody/tr/td/a[1]'.</msg>
<status status="PASS" starttime="20190828 10:06:08.298" endtime="20190828 10:06:09.455"></status>
</kw>
<kw name="Click Element" library="SeleniumLibrary">
<doc>Click element identified by ``locator``.</doc>
<arguments>
<arg>xpath://*[@id="wwvFlowForm"]/div[2]/div[2]/div[2]/div[2]/map/div/a[1]</arg>
</arguments>
<msg timestamp="20190828 10:06:09.455" level="INFO">Clicking element 'xpath://*[@id="wwvFlowForm"]/div[2]/div[2]/div[2]/div[2]/map/div/a[1]'.</msg>
<status status="PASS" starttime="20190828 10:06:09.455" endtime="20190828 10:06:09.777"></status>
</kw>
<status status="PASS" starttime="20190828 10:06:05.473" endtime="20190828 10:06:09.777"></status>
</kw>
<kw name="${eyedee} = 19749991, ${eeemail} = ConnieTakacs@rcsi.ie" type="foritem">
<kw name="Log To Console" library="BuiltIn">
<doc>Logs the given message to the console.</doc>
<arguments>
<arg>${eyedee}</arg>
<arg>stream=STDOUT</arg>
</arguments>
<status status="PASS" starttime="20190828 10:06:09.778" endtime="20190828 10:06:09.779"></status>
</kw>
<kw name="Input Text" library="SeleniumLibrary">
<doc>Types the given ``text`` into text field identified by ``locator``.</doc>
<arguments>
<arg>xpath://*[@id="P301_SEARCH_TEXT"]</arg>
<arg>${eyedee}</arg>
</arguments>
<msg timestamp="20190828 10:06:09.780" level="INFO">Typing text '19749991' into text field 'xpath://*[@id="P301_SEARCH_TEXT"]'.</msg>
<status status="PASS" starttime="20190828 10:06:09.779" endtime="20190828 10:06:09.878"></status>
</kw>
<kw name="Click Element" library="SeleniumLibrary">
<doc>Click element identified by ``locator``.</doc>
<arguments>
<arg>xpath://*[@id="apex_layout_176308900283848612"]/tbody/tr[1]/td[5]/a</arg>
</arguments>
<msg timestamp="20190828 10:06:09.879" level="INFO">Clicking element 'xpath://*[@id="apex_layout_176308900283848612"]/tbody/tr[1]/td[5]/a'.</msg>
<status status="PASS" starttime="20190828 10:06:09.878" endtime="20190828 10:06:10.266"></status>
</kw>
<kw name="Click Element" library="SeleniumLibrary">
<doc>Click element identified by ``locator``.</doc>
<arguments>
<arg>xpath://*[@id="report_R34198005227411257"]/tbody/tr[2]/td/table/tbody/tr[2]/td[5]/a/img</arg>
</arguments>
<msg timestamp="20190828 10:06:10.267" level="INFO">Clicking element 'xpath://*[@id="report_R34198005227411257"]/tbody/tr[2]/td/table/tbody/tr[2]/td[5]/a/img'.</msg>
<status status="PASS" starttime="20190828 10:06:10.266" endtime="20190828 10:06:10.631"></status>
</kw>
<kw name="Click Element" library="SeleniumLibrary">
<doc>Click element identified by ``locator``.</doc>
<arguments>
<arg>xpath://*[@id="wwvFlowForm"]/div[2]/div[2]/div[2]/div[2]/ul/li[4]/a</arg>
</arguments>
<msg timestamp="20190828 10:06:10.632" level="INFO">Clicking element 'xpath://*[@id="wwvFlowForm"]/div[2]/div[2]/div[2]/div[2]/ul/li[4]/a'.</msg>
<status status="PASS" starttime="20190828 10:06:10.632" endtime="20190828 10:06:11.519"></status>
</kw>
<kw name="Click Element" library="SeleniumLibrary">
<doc>Click element identified by ``locator``.</doc>
<arguments>
<arg>xpath://*[@id="apex_layout_47832382907987045"]/tbody/tr/td/a</arg>
</arguments>
<msg timestamp="20190828 10:06:11.519" level="INFO">Clicking element 'xpath://*[@id="apex_layout_47832382907987045"]/tbody/tr/td/a'.</msg>
<status status="PASS" starttime="20190828 10:06:11.519" endtime="20190828 10:06:12.030"></status>
</kw>
<kw name="Input Text" library="SeleniumLibrary">
<doc>Types the given ``text`` into text field identified by ``locator``.</doc>
<arguments>
<arg>xpath://*[@id="P308_TERM_EMAIL"]</arg>
<arg>${eeemail}</arg>
</arguments>
<msg timestamp="20190828 10:06:12.030" level="INFO">Typing text 'ConnieTakacs@rcsi.ie' into text field 'xpath://*[@id="P308_TERM_EMAIL"]'.</msg>
<status status="PASS" starttime="20190828 10:06:12.030" endtime="20190828 10:06:12.311"></status>
</kw>
<kw name="Click Element" library="SeleniumLibrary">
<doc>Click element identified by ``locator``.</doc>
<arguments>
<arg>xpath://*[@id="apex_layout_47832382907987045"]/tbody/tr/td/a[1]</arg>
</arguments>
<msg timestamp="20190828 10:06:12.311" level="INFO">Clicking element 'xpath://*[@id="apex_layout_47832382907987045"]/tbody/tr/td/a[1]'.</msg>
<status status="PASS" starttime="20190828 10:06:12.311" endtime="20190828 10:06:13.506"></status>
</kw>
<kw name="Click Element" library="SeleniumLibrary">
<doc>Click element identified by ``locator``.</doc>
<arguments>
<arg>xpath://*[@id="wwvFlowForm"]/div[2]/div[2]/div[2]/div[2]/map/div/a[1]</arg>
</arguments>
<msg timestamp="20190828 10:06:13.507" level="INFO">Clicking element 'xpath://*[@id="wwvFlowForm"]/div[2]/div[2]/div[2]/div[2]/map/div/a[1]'.</msg>
<status status="PASS" starttime="20190828 10:06:13.506" endtime="20190828 10:06:13.843"></status>
</kw>
<status status="PASS" starttime="20190828 10:06:09.778" endtime="20190828 10:06:13.843"></status>
</kw>
<kw name="${eyedee} = 19103898, ${eeemail} = ConnorColson@rcsi.ie" type="foritem">
<kw name="Log To Console" library="BuiltIn">
<doc>Logs the given message to the console.</doc>
<arguments>
<arg>${eyedee}</arg>
<arg>stream=STDOUT</arg>
</arguments>
<status status="PASS" starttime="20190828 10:06:13.844" endtime="20190828 10:06:13.845"></status>
</kw>
<kw name="Input Text" library="SeleniumLibrary">
<doc>Types the given ``text`` into text field identified by ``locator``.</doc>
<arguments>
<arg>xpath://*[@id="P301_SEARCH_TEXT"]</arg>
<arg>${eyedee}</arg>
</arguments>
<msg timestamp="20190828 10:06:13.845" level="INFO">Typing text '19103898' into text field 'xpath://*[@id="P301_SEARCH_TEXT"]'.</msg>
<status status="PASS" starttime="20190828 10:06:13.845" endtime="20190828 10:06:13.931"></status>
</kw>
<kw name="Click Element" library="SeleniumLibrary">
<doc>Click element identified by ``locator``.</doc>
<arguments>
<arg>xpath://*[@id="apex_layout_176308900283848612"]/tbody/tr[1]/td[5]/a</arg>
</arguments>
<msg timestamp="20190828 10:06:13.931" level="INFO">Clicking element 'xpath://*[@id="apex_layout_176308900283848612"]/tbody/tr[1]/td[5]/a'.</msg>
<status status="PASS" starttime="20190828 10:06:13.931" endtime="20190828 10:06:14.318"></status>
</kw>
<kw name="Click Element" library="SeleniumLibrary">
<doc>Click element identified by ``locator``.</doc>
<arguments>
<arg>xpath://*[@id="report_R34198005227411257"]/tbody/tr[2]/td/table/tbody/tr[2]/td[5]/a/img</arg>
</arguments>
<msg timestamp="20190828 10:06:14.319" level="INFO">Clicking element 'xpath://*[@id="report_R34198005227411257"]/tbody/tr[2]/td/table/tbody/tr[2]/td[5]/a/img'.</msg>
<status status="PASS" starttime="20190828 10:06:14.318" endtime="20190828 10:06:14.613"></status>
</kw>
<kw name="Click Element" library="SeleniumLibrary">
<doc>Click element identified by ``locator``.</doc>
<arguments>
<arg>xpath://*[@id="wwvFlowForm"]/div[2]/div[2]/div[2]/div[2]/ul/li[4]/a</arg>
</arguments>
<msg timestamp="20190828 10:06:14.613" level="INFO">Clicking element 'xpath://*[@id="wwvFlowForm"]/div[2]/div[2]/div[2]/div[2]/ul/li[4]/a'.</msg>
<status status="PASS" starttime="20190828 10:06:14.613" endtime="20190828 10:06:15.411"></status>
</kw>
<kw name="Click Element" library="SeleniumLibrary">
<doc>Click element identified by ``locator``.</doc>
<arguments>
<arg>xpath://*[@id="apex_layout_47832382907987045"]/tbody/tr/td/a</arg>
</arguments>
<msg timestamp="20190828 10:06:15.411" level="INFO">Clicking element 'xpath://*[@id="apex_layout_47832382907987045"]/tbody/tr/td/a'.</msg>
<status status="PASS" starttime="20190828 10:06:15.411" endtime="20190828 10:06:16.143"></status>
</kw>
<kw name="Input Text" library="SeleniumLibrary">
<doc>Types the given ``text`` into text field identified by ``locator``.</doc>
<arguments>
<arg>xpath://*[@id="P308_TERM_EMAIL"]</arg>
<arg>${eeemail}</arg>
</arguments>
<msg timestamp="20190828 10:06:16.144" level="INFO">Typing text 'ConnorColson@rcsi.ie' into text field 'xpath://*[@id="P308_TERM_EMAIL"]'.</msg>
<status status="PASS" starttime="20190828 10:06:16.143" endtime="20190828 10:06:16.426"></status>
</kw>
<kw name="Click Element" library="SeleniumLibrary">
<doc>Click element identified by ``locator``.</doc>
<arguments>
<arg>xpath://*[@id="apex_layout_47832382907987045"]/tbody/tr/td/a[1]</arg>
</arguments>
<msg timestamp="20190828 10:06:16.426" level="INFO">Clicking element 'xpath://*[@id="apex_layout_47832382907987045"]/tbody/tr/td/a[1]'.</msg>
<status status="PASS" starttime="20190828 10:06:16.426" endtime="20190828 10:06:17.621"></status>
</kw>
<kw name="Click Element" library="SeleniumLibrary">
<doc>Click element identified by ``locator``.</doc>
<arguments>
<arg>xpath://*[@id="wwvFlowForm"]/div[2]/div[2]/div[2]/div[2]/map/div/a[1]</arg>
</arguments>
<msg timestamp="20190828 10:06:17.621" level="INFO">Clicking element 'xpath://*[@id="wwvFlowForm"]/div[2]/div[2]/div[2]/div[2]/map/div/a[1]'.</msg>
<status status="PASS" starttime="20190828 10:06:17.621" endtime="20190828 10:06:17.925"></status>
</kw>
<status status="PASS" starttime="20190828 10:06:13.844" endtime="20190828 10:06:17.925"></status>
</kw>
<kw name="${eyedee} = 19105274, ${eeemail} = ConorWalsh@rcsi.ie" type="foritem">
<kw name="Log To Console" library="BuiltIn">
<doc>Logs the given message to the console.</doc>
<arguments>
<arg>${eyedee}</arg>
<arg>stream=STDOUT</arg>
</arguments>
<status status="PASS" starttime="20190828 10:06:17.925" endtime="20190828 10:06:17.926"></status>
</kw>
<kw name="Input Text" library="SeleniumLibrary">
<doc>Types the given ``text`` into text field identified by ``locator``.</doc>
<arguments>
<arg>xpath://*[@id="P301_SEARCH_TEXT"]</arg>
<arg>${eyedee}</arg>
</arguments>
<msg timestamp="20190828 10:06:17.926" level="INFO">Typing text '19105274' into text field 'xpath://*[@id="P301_SEARCH_TEXT"]'.</msg>
<status status="PASS" starttime="20190828 10:06:17.926" endtime="20190828 10:06:18.082"></status>
</kw>
<kw name="Click Element" library="SeleniumLibrary">
<doc>Click element identified by ``locator``.</doc>
<arguments>
<arg>xpath://*[@id="apex_layout_176308900283848612"]/tbody/tr[1]/td[5]/a</arg>
</arguments>
<msg timestamp="20190828 10:06:18.083" level="INFO">Clicking element 'xpath://*[@id="apex_layout_176308900283848612"]/tbody/tr[1]/td[5]/a'.</msg>
<status status="PASS" starttime="20190828 10:06:18.083" endtime="20190828 10:06:18.432"></status>
</kw>
<kw name="Click Element" library="SeleniumLibrary">
<doc>Click element identified by ``locator``.</doc>
<arguments>
<arg>xpath://*[@id="report_R34198005227411257"]/tbody/tr[2]/td/table/tbody/tr[2]/td[5]/a/img</arg>
</arguments>
<msg timestamp="20190828 10:06:18.433" level="INFO">Clicking element 'xpath://*[@id="report_R34198005227411257"]/tbody/tr[2]/td/table/tbody/tr[2]/td[5]/a/img'.</msg>
<status status="PASS" starttime="20190828 10:06:18.433" endtime="20190828 10:06:18.887"></status>
</kw>
<kw name="Click Element" library="SeleniumLibrary">
<doc>Click element identified by ``locator``.</doc>
<arguments>
<arg>xpath://*[@id="wwvFlowForm"]/div[2]/div[2]/div[2]/div[2]/ul/li[4]/a</arg>
</arguments>
<msg timestamp="20190828 10:06:18.887" level="INFO">Clicking element 'xpath://*[@id="wwvFlowForm"]/div[2]/div[2]/div[2]/div[2]/ul/li[4]/a'.</msg>
<status status="PASS" starttime="20190828 10:06:18.887" endtime="20190828 10:06:19.787"></status>
</kw>
<kw name="Click Element" library="SeleniumLibrary">
<doc>Click element identified by ``locator``.</doc>
<arguments>
<arg>xpath://*[@id="apex_layout_47832382907987045"]/tbody/tr/td/a</arg>
</arguments>
<msg timestamp="20190828 10:06:19.788" level="INFO">Clicking element 'xpath://*[@id="apex_layout_47832382907987045"]/tbody/tr/td/a'.</msg>
<status status="PASS" starttime="20190828 10:06:19.788" endtime="20190828 10:06:20.625"></status>
</kw>
<kw name="Input Text" library="SeleniumLibrary">
<doc>Types the given ``text`` into text field identified by ``locator``.</doc>
<arguments>
<arg>xpath://*[@id="P308_TERM_EMAIL"]</arg>
<arg>${eeemail}</arg>
</arguments>
<msg timestamp="20190828 10:06:20.626" level="INFO">Typing text 'ConorWalsh@rcsi.ie' into text field 'xpath://*[@id="P308_TERM_EMAIL"]'.</msg>
<status status="PASS" starttime="20190828 10:06:20.626" endtime="20190828 10:06:20.920"></status>
</kw>
<kw name="Click Element" library="SeleniumLibrary">
<doc>Click element identified by ``locator``.</doc>
<arguments>
<arg>xpath://*[@id="apex_layout_47832382907987045"]/tbody/tr/td/a[1]</arg>
</arguments>
<msg timestamp="20190828 10:06:20.921" level="INFO">Clicking element 'xpath://*[@id="apex_layout_47832382907987045"]/tbody/tr/td/a[1]'.</msg>
<status status="PASS" starttime="20190828 10:06:20.920" endtime="20190828 10:06:21.958"></status>
</kw>
<kw name="Click Element" library="SeleniumLibrary">
<doc>Click element identified by ``locator``.</doc>
<arguments>
<arg>xpath://*[@id="wwvFlowForm"]/div[2]/div[2]/div[2]/div[2]/map/div/a[1]</arg>
</arguments>
<msg timestamp="20190828 10:06:21.959" level="INFO">Clicking element 'xpath://*[@id="wwvFlowForm"]/div[2]/div[2]/div[2]/div[2]/map/div/a[1]'.</msg>
<status status="PASS" starttime="20190828 10:06:21.958" endtime="20190828 10:06:22.346"></status>
</kw>
<status status="PASS" starttime="20190828 10:06:17.925" endtime="20190828 10:06:22.346"></status>
</kw>
<kw name="${eyedee} = 19106441, ${eeemail} = CorrinnaMoore@rcsi.ie" type="foritem">
<kw name="Log To Console" library="BuiltIn">
<doc>Logs the given message to the console.</doc>
<arguments>
<arg>${eyedee}</arg>
<arg>stream=STDOUT</arg>
</arguments>
<status status="PASS" starttime="20190828 10:06:22.346" endtime="20190828 10:06:22.347"></status>
</kw>
<kw name="Input Text" library="SeleniumLibrary">
<doc>Types the given ``text`` into text field identified by ``locator``.</doc>
<arguments>
<arg>xpath://*[@id="P301_SEARCH_TEXT"]</arg>
<arg>${eyedee}</arg>
</arguments>
<msg timestamp="20190828 10:06:22.348" level="INFO">Typing text '19106441' into text field 'xpath://*[@id="P301_SEARCH_TEXT"]'.</msg>
<status status="PASS" starttime="20190828 10:06:22.348" endtime="20190828 10:06:22.435"></status>
</kw>
<kw name="Click Element" library="SeleniumLibrary">
<doc>Click element identified by ``locator``.</doc>
<arguments>
<arg>xpath://*[@id="apex_layout_176308900283848612"]/tbody/tr[1]/td[5]/a</arg>
</arguments>
<msg timestamp="20190828 10:06:22.435" level="INFO">Clicking element 'xpath://*[@id="apex_layout_176308900283848612"]/tbody/tr[1]/td[5]/a'.</msg>
<status status="PASS" starttime="20190828 10:06:22.435" endtime="20190828 10:06:22.839"></status>
</kw>
<kw name="Click Element" library="SeleniumLibrary">
<doc>Click element identified by ``locator``.</doc>
<arguments>
<arg>xpath://*[@id="report_R34198005227411257"]/tbody/tr[2]/td/table/tbody/tr[2]/td[5]/a/img</arg>
</arguments>
<msg timestamp="20190828 10:06:22.839" level="INFO">Clicking element 'xpath://*[@id="report_R34198005227411257"]/tbody/tr[2]/td/table/tbody/tr[2]/td[5]/a/img'.</msg>
<status status="PASS" starttime="20190828 10:06:22.839" endtime="20190828 10:06:23.217"></status>
</kw>
<kw name="Click Element" library="SeleniumLibrary">
<doc>Click element identified by ``locator``.</doc>
<arguments>
<arg>xpath://*[@id="wwvFlowForm"]/div[2]/div[2]/div[2]/div[2]/ul/li[4]/a</arg>
</arguments>
<msg timestamp="20190828 10:06:23.218" level="INFO">Clicking element 'xpath://*[@id="wwvFlowForm"]/div[2]/div[2]/div[2]/div[2]/ul/li[4]/a'.</msg>
<status status="PASS" starttime="20190828 10:06:23.218" endtime="20190828 10:06:23.975"></status>
</kw>
<kw name="Click Element" library="SeleniumLibrary">
<doc>Click element identified by ``locator``.</doc>
<arguments>
<arg>xpath://*[@id="apex_layout_47832382907987045"]/tbody/tr/td/a</arg>
</arguments>
<msg timestamp="20190828 10:06:23.977" level="INFO">Clicking element 'xpath://*[@id="apex_layout_47832382907987045"]/tbody/tr/td/a'.</msg>
<status status="PASS" starttime="20190828 10:06:23.976" endtime="20190828 10:06:24.628"></status>
</kw>
<kw name="Input Text" library="SeleniumLibrary">
<doc>Types the given ``text`` into text field identified by ``locator``.</doc>
<arguments>
<arg>xpath://*[@id="P308_TERM_EMAIL"]</arg>
<arg>${eeemail}</arg>
</arguments>
<msg timestamp="20190828 10:06:24.629" level="INFO">Typing text 'CorrinnaMoore@rcsi.ie' into text field 'xpath://*[@id="P308_TERM_EMAIL"]'.</msg>
<status status="PASS" starttime="20190828 10:06:24.628" endtime="20190828 10:06:24.952"></status>
</kw>
<kw name="Click Element" library="SeleniumLibrary">
<doc>Click element identified by ``locator``.</doc>
<arguments>
<arg>xpath://*[@id="apex_layout_47832382907987045"]/tbody/tr/td/a[1]</arg>
</arguments>
<msg timestamp="20190828 10:06:24.952" level="INFO">Clicking element 'xpath://*[@id="apex_layout_47832382907987045"]/tbody/tr/td/a[1]'.</msg>
<status status="PASS" starttime="20190828 10:06:24.952" endtime="20190828 10:06:26.105"></status>
</kw>
<kw name="Click Element" library="SeleniumLibrary">
<doc>Click element identified by ``locator``.</doc>
<arguments>
<arg>xpath://*[@id="wwvFlowForm"]/div[2]/div[2]/div[2]/div[2]/map/div/a[1]</arg>
</arguments>
<msg timestamp="20190828 10:06:26.106" level="INFO">Clicking element 'xpath://*[@id="wwvFlowForm"]/div[2]/div[2]/div[2]/div[2]/map/div/a[1]'.</msg>
<status status="PASS" starttime="20190828 10:06:26.105" endtime="20190828 10:06:26.455"></status>
</kw>
<status status="PASS" starttime="20190828 10:06:22.346" endtime="20190828 10:06:26.455"></status>
</kw>
<kw name="${eyedee} = 19101225, ${eeemail} = DahyeShin@rcsi.ie" type="foritem">
<kw name="Log To Console" library="BuiltIn">
<doc>Logs the given message to the console.</doc>
<arguments>
<arg>${eyedee}</arg>
<arg>stream=STDOUT</arg>
</arguments>
<status status="PASS" starttime="20190828 10:06:26.456" endtime="20190828 10:06:26.456"></status>
</kw>
<kw name="Input Text" library="SeleniumLibrary">
<doc>Types the given ``text`` into text field identified by ``locator``.</doc>
<arguments>
<arg>xpath://*[@id="P301_SEARCH_TEXT"]</arg>
<arg>${eyedee}</arg>
</arguments>
<msg timestamp="20190828 10:06:26.457" level="INFO">Typing text '19101225' into text field 'xpath://*[@id="P301_SEARCH_TEXT"]'.</msg>
<status status="PASS" starttime="20190828 10:06:26.456" endtime="20190828 10:06:26.547"></status>
</kw>
<kw name="Click Element" library="SeleniumLibrary">
<doc>Click element identified by ``locator``.</doc>
<arguments>
<arg>xpath://*[@id="apex_layout_176308900283848612"]/tbody/tr[1]/td[5]/a</arg>
</arguments>
<msg timestamp="20190828 10:06:26.548" level="INFO">Clicking element 'xpath://*[@id="apex_layout_176308900283848612"]/tbody/tr[1]/td[5]/a'.</msg>
<status status="PASS" starttime="20190828 10:06:26.547" endtime="20190828 10:06:27.062"></status>
</kw>
<kw name="Click Element" library="SeleniumLibrary">
<doc>Click element identified by ``locator``.</doc>
<arguments>
<arg>xpath://*[@id="report_R34198005227411257"]/tbody/tr[2]/td/table/tbody/tr[2]/td[5]/a/img</arg>
</arguments>
<msg timestamp="20190828 10:06:27.063" level="INFO">Clicking element 'xpath://*[@id="report_R34198005227411257"]/tbody/tr[2]/td/table/tbody/tr[2]/td[5]/a/img'.</msg>
<status status="PASS" starttime="20190828 10:06:27.063" endtime="20190828 10:06:27.432"></status>
</kw>
<kw name="Click Element" library="SeleniumLibrary">
<doc>Click element identified by ``locator``.</doc>
<arguments>
<arg>xpath://*[@id="wwvFlowForm"]/div[2]/div[2]/div[2]/div[2]/ul/li[4]/a</arg>
</arguments>
<msg timestamp="20190828 10:06:27.432" level="INFO">Clicking element 'xpath://*[@id="wwvFlowForm"]/div[2]/div[2]/div[2]/div[2]/ul/li[4]/a'.</msg>
<status status="PASS" starttime="20190828 10:06:27.432" endtime="20190828 10:06:28.331"></status>
</kw>
<kw name="Click Element" library="SeleniumLibrary">
<doc>Click element identified by ``locator``.</doc>
<arguments>
<arg>xpath://*[@id="apex_layout_47832382907987045"]/tbody/tr/td/a</arg>
</arguments>
<msg timestamp="20190828 10:06:28.332" level="INFO">Clicking element 'xpath://*[@id="apex_layout_47832382907987045"]/tbody/tr/td/a'.</msg>
<status status="PASS" starttime="20190828 10:06:28.332" endtime="20190828 10:06:29.107"></status>
</kw>
<kw name="Input Text" library="SeleniumLibrary">
<doc>Types the given ``text`` into text field identified by ``locator``.</doc>
<arguments>
<arg>xpath://*[@id="P308_TERM_EMAIL"]</arg>
<arg>${eeemail}</arg>
</arguments>
<msg timestamp="20190828 10:06:29.107" level="INFO">Typing text 'DahyeShin@rcsi.ie' into text field 'xpath://*[@id="P308_TERM_EMAIL"]'.</msg>
<status status="PASS" starttime="20190828 10:06:29.107" endtime="20190828 10:06:29.397"></status>
</kw>
<kw name="Click Element" library="SeleniumLibrary">
<doc>Click element identified by ``locator``.</doc>
<arguments>
<arg>xpath://*[@id="apex_layout_47832382907987045"]/tbody/tr/td/a[1]</arg>
</arguments>
<msg timestamp="20190828 10:06:29.398" level="INFO">Clicking element 'xpath://*[@id="apex_layout_47832382907987045"]/tbody/tr/td/a[1]'.</msg>
<status status="PASS" starttime="20190828 10:06:29.398" endtime="20190828 10:06:30.671"></status>
</kw>
<kw name="Click Element" library="SeleniumLibrary">
<doc>Click element identified by ``locator``.</doc>
<arguments>
<arg>xpath://*[@id="wwvFlowForm"]/div[2]/div[2]/div[2]/div[2]/map/div/a[1]</arg>
</arguments>
<msg timestamp="20190828 10:06:30.671" level="INFO">Clicking element 'xpath://*[@id="wwvFlowForm"]/div[2]/div[2]/div[2]/div[2]/map/div/a[1]'.</msg>
<status status="PASS" starttime="20190828 10:06:30.671" endtime="20190828 10:06:30.996"></status>
</kw>
<status status="PASS" starttime="20190828 10:06:26.455" endtime="20190828 10:06:30.996"></status>
</kw>
<kw name="${eyedee} = 19106388, ${eeemail} = DanappaSanni@rcsi.ie" type="foritem">
<kw name="Log To Console" library="BuiltIn">
<doc>Logs the given message to the console.</doc>
<arguments>
<arg>${eyedee}</arg>
<arg>stream=STDOUT</arg>
</arguments>
<status status="PASS" starttime="20190828 10:06:30.996" endtime="20190828 10:06:30.997"></status>
</kw>
<kw name="Input Text" library="SeleniumLibrary">
<doc>Types the given ``text`` into text field identified by ``locator``.</doc>
<arguments>
<arg>xpath://*[@id="P301_SEARCH_TEXT"]</arg>
<arg>${eyedee}</arg>
</arguments>
<msg timestamp="20190828 10:06:30.998" level="INFO">Typing text '19106388' into text field 'xpath://*[@id="P301_SEARCH_TEXT"]'.</msg>
<status status="PASS" starttime="20190828 10:06:30.997" endtime="20190828 10:06:31.086"></status>
</kw>
<kw name="Click Element" library="SeleniumLibrary">
<doc>Click element identified by ``locator``.</doc>
<arguments>
<arg>xpath://*[@id="apex_layout_176308900283848612"]/tbody/tr[1]/td[5]/a</arg>
</arguments>
<msg timestamp="20190828 10:06:31.086" level="INFO">Clicking element 'xpath://*[@id="apex_layout_176308900283848612"]/tbody/tr[1]/td[5]/a'.</msg>
<status status="PASS" starttime="20190828 10:06:31.086" endtime="20190828 10:06:31.547"></status>
</kw>
<kw name="Click Element" library="SeleniumLibrary">
<doc>Click element identified by ``locator``.</doc>
<arguments>
<arg>xpath://*[@id="report_R34198005227411257"]/tbody/tr[2]/td/table/tbody/tr[2]/td[5]/a/img</arg>
</arguments>
<msg timestamp="20190828 10:06:31.547" level="INFO">Clicking element 'xpath://*[@id="report_R34198005227411257"]/tbody/tr[2]/td/table/tbody/tr[2]/td[5]/a/img'.</msg>
<status status="PASS" starttime="20190828 10:06:31.547" endtime="20190828 10:06:31.893"></status>
</kw>
<kw name="Click Element" library="SeleniumLibrary">
<doc>Click element identified by ``locator``.</doc>
<arguments>
<arg>xpath://*[@id="wwvFlowForm"]/div[2]/div[2]/div[2]/div[2]/ul/li[4]/a</arg>
</arguments>
<msg timestamp="20190828 10:06:31.894" level="INFO">Clicking element 'xpath://*[@id="wwvFlowForm"]/div[2]/div[2]/div[2]/div[2]/ul/li[4]/a'.</msg>
<status status="PASS" starttime="20190828 10:06:31.893" endtime="20190828 10:06:32.649"></status>
</kw>
<kw name="Click Element" library="SeleniumLibrary">
<doc>Click element identified by ``locator``.</doc>
<arguments>
<arg>xpath://*[@id="apex_layout_47832382907987045"]/tbody/tr/td/a</arg>
</arguments>
<msg timestamp="20190828 10:06:32.650" level="INFO">Clicking element 'xpath://*[@id="apex_layout_47832382907987045"]/tbody/tr/td/a'.</msg>
<status status="PASS" starttime="20190828 10:06:32.650" endtime="20190828 10:06:33.344"></status>
</kw>
<kw name="Input Text" library="SeleniumLibrary">
<doc>Types the given ``text`` into text field identified by ``locator``.</doc>
<arguments>
<arg>xpath://*[@id="P308_TERM_EMAIL"]</arg>
<arg>${eeemail}</arg>
</arguments>
<msg timestamp="20190828 10:06:33.345" level="INFO">Typing text 'DanappaSanni@rcsi.ie' into text field 'xpath://*[@id="P308_TERM_EMAIL"]'.</msg>
<status status="PASS" starttime="20190828 10:06:33.345" endtime="20190828 10:06:33.645"></status>
</kw>
<kw name="Click Element" library="SeleniumLibrary">
<doc>Click element identified by ``locator``.</doc>
<arguments>
<arg>xpath://*[@id="apex_layout_47832382907987045"]/tbody/tr/td/a[1]</arg>
</arguments>
<msg timestamp="20190828 10:06:33.645" level="INFO">Clicking element 'xpath://*[@id="apex_layout_47832382907987045"]/tbody/tr/td/a[1]'.</msg>
<status status="PASS" starttime="20190828 10:06:33.645" endtime="20190828 10:06:34.982"></status>
</kw>
<kw name="Click Element" library="SeleniumLibrary">
<doc>Click element identified by ``locator``.</doc>
<arguments>
<arg>xpath://*[@id="wwvFlowForm"]/div[2]/div[2]/div[2]/div[2]/map/div/a[1]</arg>
</arguments>
<msg timestamp="20190828 10:06:34.983" level="INFO">Clicking element 'xpath://*[@id="wwvFlowForm"]/div[2]/div[2]/div[2]/div[2]/map/div/a[1]'.</msg>
<status status="PASS" starttime="20190828 10:06:34.983" endtime="20190828 10:06:35.342"></status>
</kw>
<status status="PASS" starttime="20190828 10:06:30.996" endtime="20190828 10:06:35.342"></status>
</kw>
<kw name="${eyedee} = 19106392, ${eeemail} = DanielWooi@rcsi.ie" type="foritem">
<kw name="Log To Console" library="BuiltIn">
<doc>Logs the given message to the console.</doc>
<arguments>
<arg>${eyedee}</arg>
<arg>stream=STDOUT</arg>
</arguments>
<status status="PASS" starttime="20190828 10:06:35.342" endtime="20190828 10:06:35.343"></status>
</kw>
<kw name="Input Text" library="SeleniumLibrary">
<doc>Types the given ``text`` into text field identified by ``locator``.</doc>
<arguments>
<arg>xpath://*[@id="P301_SEARCH_TEXT"]</arg>
<arg>${eyedee}</arg>
</arguments>
<msg timestamp="20190828 10:06:35.344" level="INFO">Typing text '19106392' into text field 'xpath://*[@id="P301_SEARCH_TEXT"]'.</msg>
<status status="PASS" starttime="20190828 10:06:35.344" endtime="20190828 10:06:35.435"></status>
</kw>
<kw name="Click Element" library="SeleniumLibrary">
<doc>Click element identified by ``locator``.</doc>
<arguments>
<arg>xpath://*[@id="apex_layout_176308900283848612"]/tbody/tr[1]/td[5]/a</arg>
</arguments>
<msg timestamp="20190828 10:06:35.435" level="INFO">Clicking element 'xpath://*[@id="apex_layout_176308900283848612"]/tbody/tr[1]/td[5]/a'.</msg>
<status status="PASS" starttime="20190828 10:06:35.435" endtime="20190828 10:06:35.919"></status>
</kw>
<kw name="Click Element" library="SeleniumLibrary">
<doc>Click element identified by ``locator``.</doc>
<arguments>
<arg>xpath://*[@id="report_R34198005227411257"]/tbody/tr[2]/td/table/tbody/tr[2]/td[5]/a/img</arg>
</arguments>
<msg timestamp="20190828 10:06:35.920" level="INFO">Clicking element 'xpath://*[@id="report_R34198005227411257"]/tbody/tr[2]/td/table/tbody/tr[2]/td[5]/a/img'.</msg>
<status status="PASS" starttime="20190828 10:06:35.920" endtime="20190828 10:06:36.384"></status>
</kw>
<kw name="Click Element" library="SeleniumLibrary">
<doc>Click element identified by ``locator``.</doc>
<arguments>
<arg>xpath://*[@id="wwvFlowForm"]/div[2]/div[2]/div[2]/div[2]/ul/li[4]/a</arg>
</arguments>
<msg timestamp="20190828 10:06:36.384" level="INFO">Clicking element 'xpath://*[@id="wwvFlowForm"]/div[2]/div[2]/div[2]/div[2]/ul/li[4]/a'.</msg>
<status status="PASS" starttime="20190828 10:06:36.384" endtime="20190828 10:06:37.073"></status>
</kw>
<kw name="Click Element" library="SeleniumLibrary">
<doc>Click element identified by ``locator``.</doc>
<arguments>
<arg>xpath://*[@id="apex_layout_47832382907987045"]/tbody/tr/td/a</arg>
</arguments>
<msg timestamp="20190828 10:06:37.074" level="INFO">Clicking element 'xpath://*[@id="apex_layout_47832382907987045"]/tbody/tr/td/a'.</msg>
<status status="PASS" starttime="20190828 10:06:37.074" endtime="20190828 10:06:37.994"></status>
</kw>
<kw name="Input Text" library="SeleniumLibrary">
<doc>Types the given ``text`` into text field identified by ``locator``.</doc>
<arguments>
<arg>xpath://*[@id="P308_TERM_EMAIL"]</arg>
<arg>${eeemail}</arg>
</arguments>
<msg timestamp="20190828 10:06:37.995" level="INFO">Typing text 'DanielWooi@rcsi.ie' into text field 'xpath://*[@id="P308_TERM_EMAIL"]'.</msg>
<status status="PASS" starttime="20190828 10:06:37.995" endtime="20190828 10:06:38.258"></status>
</kw>
<kw name="Click Element" library="SeleniumLibrary">
<doc>Click element identified by ``locator``.</doc>
<arguments>
<arg>xpath://*[@id="apex_layout_47832382907987045"]/tbody/tr/td/a[1]</arg>
</arguments>
<msg timestamp="20190828 10:06:38.258" level="INFO">Clicking element 'xpath://*[@id="apex_layout_47832382907987045"]/tbody/tr/td/a[1]'.</msg>
<status status="PASS" starttime="20190828 10:06:38.258" endtime="20190828 10:06:39.517"></status>
</kw>
<kw name="Click Element" library="SeleniumLibrary">
<doc>Click element identified by ``locator``.</doc>
<arguments>
<arg>xpath://*[@id="wwvFlowForm"]/div[2]/div[2]/div[2]/div[2]/map/div/a[1]</arg>
</arguments>
<msg timestamp="20190828 10:06:39.517" level="INFO">Clicking element 'xpath://*[@id="wwvFlowForm"]/div[2]/div[2]/div[2]/div[2]/map/div/a[1]'.</msg>
<status status="PASS" starttime="20190828 10:06:39.517" endtime="20190828 10:06:39.903"></status>
</kw>
<status status="PASS" starttime="20190828 10:06:35.342" endtime="20190828 10:06:39.903"></status>
</kw>
<kw name="${eyedee} = 19103552, ${eeemail} = DeepaThomas@rcsi.ie" type="foritem">
<kw name="Log To Console" library="BuiltIn">
<doc>Logs the given message to the console.</doc>
<arguments>
<arg>${eyedee}</arg>
<arg>stream=STDOUT</arg>
</arguments>
<status status="PASS" starttime="20190828 10:06:39.904" endtime="20190828 10:06:39.904"></status>
</kw>
<kw name="Input Text" library="SeleniumLibrary">
<doc>Types the given ``text`` into text field identified by ``locator``.</doc>
<arguments>
<arg>xpath://*[@id="P301_SEARCH_TEXT"]</arg>
<arg>${eyedee}</arg>
</arguments>
<msg timestamp="20190828 10:06:39.904" level="INFO">Typing text '19103552' into text field 'xpath://*[@id="P301_SEARCH_TEXT"]'.</msg>
<status status="PASS" starttime="20190828 10:06:39.904" endtime="20190828 10:06:39.998"></status>
</kw>
<kw name="Click Element" library="SeleniumLibrary">
<doc>Click element identified by ``locator``.</doc>
<arguments>
<arg>xpath://*[@id="apex_layout_176308900283848612"]/tbody/tr[1]/td[5]/a</arg>
</arguments>
<msg timestamp="20190828 10:06:39.999" level="INFO">Clicking element 'xpath://*[@id="apex_layout_176308900283848612"]/tbody/tr[1]/td[5]/a'.</msg>
<status status="PASS" starttime="20190828 10:06:39.999" endtime="20190828 10:06:40.363"></status>
</kw>
<kw name="Click Element" library="SeleniumLibrary">
<doc>Click element identified by ``locator``.</doc>
<arguments>
<arg>xpath://*[@id="report_R34198005227411257"]/tbody/tr[2]/td/table/tbody/tr[2]/td[5]/a/img</arg>
</arguments>
<msg timestamp="20190828 10:06:40.364" level="INFO">Clicking element 'xpath://*[@id="report_R34198005227411257"]/tbody/tr[2]/td/table/tbody/tr[2]/td[5]/a/img'.</msg>
<status status="PASS" starttime="20190828 10:06:40.363" endtime="20190828 10:06:40.822"></status>
</kw>
<kw name="Click Element" library="SeleniumLibrary">
<doc>Click element identified by ``locator``.</doc>
<arguments>
<arg>xpath://*[@id="wwvFlowForm"]/div[2]/div[2]/div[2]/div[2]/ul/li[4]/a</arg>
</arguments>
<msg timestamp="20190828 10:06:40.823" level="INFO">Clicking element 'xpath://*[@id="wwvFlowForm"]/div[2]/div[2]/div[2]/div[2]/ul/li[4]/a'.</msg>
<status status="PASS" starttime="20190828 10:06:40.822" endtime="20190828 10:06:41.609"></status>
</kw>
<kw name="Click Element" library="SeleniumLibrary">
<doc>Click element identified by ``locator``.</doc>
<arguments>
<arg>xpath://*[@id="apex_layout_47832382907987045"]/tbody/tr/td/a</arg>
</arguments>
<msg timestamp="20190828 10:06:41.610" level="INFO">Clicking element 'xpath://*[@id="apex_layout_47832382907987045"]/tbody/tr/td/a'.</msg>
<status status="PASS" starttime="20190828 10:06:41.610" endtime="20190828 10:06:42.372"></status>
</kw>
<kw name="Input Text" library="SeleniumLibrary">
<doc>Types the given ``text`` into text field identified by ``locator``.</doc>
<arguments>
<arg>xpath://*[@id="P308_TERM_EMAIL"]</arg>
<arg>${eeemail}</arg>
</arguments>
<msg timestamp="20190828 10:06:42.372" level="INFO">Typing text 'DeepaThomas@rcsi.ie' into text field 'xpath://*[@id="P308_TERM_EMAIL"]'.</msg>
<status status="PASS" starttime="20190828 10:06:42.372" endtime="20190828 10:06:42.708"></status>
</kw>
<kw name="Click Element" library="SeleniumLibrary">
<doc>Click element identified by ``locator``.</doc>
<arguments>
<arg>xpath://*[@id="apex_layout_47832382907987045"]/tbody/tr/td/a[1]</arg>
</arguments>
<msg timestamp="20190828 10:06:42.709" level="INFO">Clicking element 'xpath://*[@id="apex_layout_47832382907987045"]/tbody/tr/td/a[1]'.</msg>
<status status="PASS" starttime="20190828 10:06:42.708" endtime="20190828 10:06:43.827"></status>
</kw>
<kw name="Click Element" library="SeleniumLibrary">
<doc>Click element identified by ``locator``.</doc>
<arguments>
<arg>xpath://*[@id="wwvFlowForm"]/div[2]/div[2]/div[2]/div[2]/map/div/a[1]</arg>
</arguments>
<msg timestamp="20190828 10:06:43.828" level="INFO">Clicking element 'xpath://*[@id="wwvFlowForm"]/div[2]/div[2]/div[2]/div[2]/map/div/a[1]'.</msg>
<status status="PASS" starttime="20190828 10:06:43.828" endtime="20190828 10:06:44.179"></status>
</kw>
<status status="PASS" starttime="20190828 10:06:39.904" endtime="20190828 10:06:44.179"></status>
</kw>
<kw name="${eyedee} = 19104073, ${eeemail} = DEEPIKAKARUNAKARAN@rcsi.ie" type="foritem">
<kw name="Log To Console" library="BuiltIn">
<doc>Logs the given message to the console.</doc>
<arguments>
<arg>${eyedee}</arg>
<arg>stream=STDOUT</arg>
</arguments>
<status status="PASS" starttime="20190828 10:06:44.179" endtime="20190828 10:06:44.181"></status>
</kw>
<kw name="Input Text" library="SeleniumLibrary">
<doc>Types the given ``text`` into text field identified by ``locator``.</doc>
<arguments>
<arg>xpath://*[@id="P301_SEARCH_TEXT"]</arg>
<arg>${eyedee}</arg>
</arguments>
<msg timestamp="20190828 10:06:44.182" level="INFO">Typing text '19104073' into text field 'xpath://*[@id="P301_SEARCH_TEXT"]'.</msg>
<status status="PASS" starttime="20190828 10:06:44.181" endtime="20190828 10:06:44.329"></status>
</kw>
<kw name="Click Element" library="SeleniumLibrary">
<doc>Click element identified by ``locator``.</doc>
<arguments>
<arg>xpath://*[@id="apex_layout_176308900283848612"]/tbody/tr[1]/td[5]/a</arg>
</arguments>
<msg timestamp="20190828 10:06:44.330" level="INFO">Clicking element 'xpath://*[@id="apex_layout_176308900283848612"]/tbody/tr[1]/td[5]/a'.</msg>
<status status="PASS" starttime="20190828 10:06:44.329" endtime="20190828 10:06:44.697"></status>
</kw>
<kw name="Click Element" library="SeleniumLibrary">
<doc>Click element identified by ``locator``.</doc>
<arguments>
<arg>xpath://*[@id="report_R34198005227411257"]/tbody/tr[2]/td/table/tbody/tr[2]/td[5]/a/img</arg>
</arguments>
<msg timestamp="20190828 10:06:44.698" level="INFO">Clicking element 'xpath://*[@id="report_R34198005227411257"]/tbody/tr[2]/td/table/tbody/tr[2]/td[5]/a/img'.</msg>
<status status="PASS" starttime="20190828 10:06:44.698" endtime="20190828 10:06:45.075"></status>
</kw>
<kw name="Click Element" library="SeleniumLibrary">
<doc>Click element identified by ``locator``.</doc>
<arguments>
<arg>xpath://*[@id="wwvFlowForm"]/div[2]/div[2]/div[2]/div[2]/ul/li[4]/a</arg>
</arguments>
<msg timestamp="20190828 10:06:45.076" level="INFO">Clicking element 'xpath://*[@id="wwvFlowForm"]/div[2]/div[2]/div[2]/div[2]/ul/li[4]/a'.</msg>
<status status="PASS" starttime="20190828 10:06:45.075" endtime="20190828 10:06:46.175"></status>
</kw>
<kw name="Click Element" library="SeleniumLibrary">
<doc>Click element identified by ``locator``.</doc>
<arguments>
<arg>xpath://*[@id="apex_layout_47832382907987045"]/tbody/tr/td/a</arg>
</arguments>
<msg timestamp="20190828 10:06:46.176" level="INFO">Clicking element 'xpath://*[@id="apex_layout_47832382907987045"]/tbody/tr/td/a'.</msg>
<status status="PASS" starttime="20190828 10:06:46.176" endtime="20190828 10:06:46.993"></status>
</kw>
<kw name="Input Text" library="SeleniumLibrary">
<doc>Types the given ``text`` into text field identified by ``locator``.</doc>
<arguments>
<arg>xpath://*[@id="P308_TERM_EMAIL"]</arg>
<arg>${eeemail}</arg>
</arguments>
<msg timestamp="20190828 10:06:46.994" level="INFO">Typing text 'DEEPIKAKARUNAKARAN@rcsi.ie' into text field 'xpath://*[@id="P308_TERM_EMAIL"]'.</msg>
<status status="PASS" starttime="20190828 10:06:46.993" endtime="20190828 10:06:47.379"></status>
</kw>
<kw name="Click Element" library="SeleniumLibrary">
<doc>Click element identified by ``locator``.</doc>
<arguments>
<arg>xpath://*[@id="apex_layout_47832382907987045"]/tbody/tr/td/a[1]</arg>
</arguments>
<msg timestamp="20190828 10:06:47.380" level="INFO">Clicking element 'xpath://*[@id="apex_layout_47832382907987045"]/tbody/tr/td/a[1]'.</msg>
<status status="PASS" starttime="20190828 10:06:47.379" endtime="20190828 10:06:48.803"></status>
</kw>
<kw name="Click Element" library="SeleniumLibrary">
<doc>Click element identified by ``locator``.</doc>
<arguments>
<arg>xpath://*[@id="wwvFlowForm"]/div[2]/div[2]/div[2]/div[2]/map/div/a[1]</arg>
</arguments>
<msg timestamp="20190828 10:06:48.804" level="INFO">Clicking element 'xpath://*[@id="wwvFlowForm"]/div[2]/div[2]/div[2]/div[2]/map/div/a[1]'.</msg>
<status status="PASS" starttime="20190828 10:06:48.804" endtime="20190828 10:06:49.225"></status>
</kw>
<status status="PASS" starttime="20190828 10:06:44.179" endtime="20190828 10:06:49.225"></status>
</kw>
<kw name="${eyedee} = 19104514, ${eeemail} = DeirdreKeane@rcsi.ie" type="foritem">
<kw name="Log To Console" library="BuiltIn">
<doc>Logs the given message to the console.</doc>
<arguments>
<arg>${eyedee}</arg>
<arg>stream=STDOUT</arg>
</arguments>
<status status="PASS" starttime="20190828 10:06:49.226" endtime="20190828 10:06:49.227"></status>
</kw>
<kw name="Input Text" library="SeleniumLibrary">
<doc>Types the given ``text`` into text field identified by ``locator``.</doc>
<arguments>
<arg>xpath://*[@id="P301_SEARCH_TEXT"]</arg>
<arg>${eyedee}</arg>
</arguments>
<msg timestamp="20190828 10:06:49.227" level="INFO">Typing text '19104514' into text field 'xpath://*[@id="P301_SEARCH_TEXT"]'.</msg>
<status status="PASS" starttime="20190828 10:06:49.227" endtime="20190828 10:06:49.323"></status>
</kw>
<kw name="Click Element" library="SeleniumLibrary">
<doc>Click element identified by ``locator``.</doc>
<arguments>
<arg>xpath://*[@id="apex_layout_176308900283848612"]/tbody/tr[1]/td[5]/a</arg>
</arguments>
<msg timestamp="20190828 10:06:49.324" level="INFO">Clicking element 'xpath://*[@id="apex_layout_176308900283848612"]/tbody/tr[1]/td[5]/a'.</msg>
<status status="PASS" starttime="20190828 10:06:49.324" endtime="20190828 10:06:49.747"></status>
</kw>
<kw name="Click Element" library="SeleniumLibrary">
<doc>Click element identified by ``locator``.</doc>
<arguments>
<arg>xpath://*[@id="report_R34198005227411257"]/tbody/tr[2]/td/table/tbody/tr[2]/td[5]/a/img</arg>
</arguments>
<msg timestamp="20190828 10:06:49.748" level="INFO">Clicking element 'xpath://*[@id="report_R34198005227411257"]/tbody/tr[2]/td/table/tbody/tr[2]/td[5]/a/img'.</msg>
<status status="PASS" starttime="20190828 10:06:49.748" endtime="20190828 10:06:50.097"></status>
</kw>
<kw name="Click Element" library="SeleniumLibrary">
<doc>Click element identified by ``locator``.</doc>
<arguments>
<arg>xpath://*[@id="wwvFlowForm"]/div[2]/div[2]/div[2]/div[2]/ul/li[4]/a</arg>
</arguments>
<msg timestamp="20190828 10:06:50.097" level="INFO">Clicking element 'xpath://*[@id="wwvFlowForm"]/div[2]/div[2]/div[2]/div[2]/ul/li[4]/a'.</msg>
<status status="PASS" starttime="20190828 10:06:50.097" endtime="20190828 10:06:51.246"></status>
</kw>
<kw name="Click Element" library="SeleniumLibrary">
<doc>Click element identified by ``locator``.</doc>
<arguments>
<arg>xpath://*[@id="apex_layout_47832382907987045"]/tbody/tr/td/a</arg>
</arguments>
<msg timestamp="20190828 10:06:51.247" level="INFO">Clicking element 'xpath://*[@id="apex_layout_47832382907987045"]/tbody/tr/td/a'.</msg>
<status status="PASS" starttime="20190828 10:06:51.246" endtime="20190828 10:06:52.131"></status>
</kw>
<kw name="Input Text" library="SeleniumLibrary">
<doc>Types the given ``text`` into text field identified by ``locator``.</doc>
<arguments>
<arg>xpath://*[@id="P308_TERM_EMAIL"]</arg>
<arg>${eeemail}</arg>
</arguments>
<msg timestamp="20190828 10:06:52.131" level="INFO">Typing text 'DeirdreKeane@rcsi.ie' into text field 'xpath://*[@id="P308_TERM_EMAIL"]'.</msg>
<status status="PASS" starttime="20190828 10:06:52.131" endtime="20190828 10:06:52.424"></status>
</kw>
<kw name="Click Element" library="SeleniumLibrary">
<doc>Click element identified by ``locator``.</doc>
<arguments>
<arg>xpath://*[@id="apex_layout_47832382907987045"]/tbody/tr/td/a[1]</arg>
</arguments>
<msg timestamp="20190828 10:06:52.424" level="INFO">Clicking element 'xpath://*[@id="apex_layout_47832382907987045"]/tbody/tr/td/a[1]'.</msg>
<status status="PASS" starttime="20190828 10:06:52.424" endtime="20190828 10:06:53.736"></status>
</kw>
<kw name="Click Element" library="SeleniumLibrary">
<doc>Click element identified by ``locator``.</doc>
<arguments>
<arg>xpath://*[@id="wwvFlowForm"]/div[2]/div[2]/div[2]/div[2]/map/div/a[1]</arg>
</arguments>
<msg timestamp="20190828 10:06:53.736" level="INFO">Clicking element 'xpath://*[@id="wwvFlowForm"]/div[2]/div[2]/div[2]/div[2]/map/div/a[1]'.</msg>
<status status="PASS" starttime="20190828 10:06:53.736" endtime="20190828 10:06:54.044"></status>
</kw>
<status status="PASS" starttime="20190828 10:06:49.226" endtime="20190828 10:06:54.044"></status>
</kw>
<kw name="${eyedee} = 19104783, ${eeemail} = DeniseNoonan@rcsi.ie" type="foritem">
<kw name="Log To Console" library="BuiltIn">
<doc>Logs the given message to the console.</doc>
<arguments>
<arg>${eyedee}</arg>
<arg>stream=STDOUT</arg>
</arguments>
<status status="PASS" starttime="20190828 10:06:54.044" endtime="20190828 10:06:54.045"></status>
</kw>
<kw name="Input Text" library="SeleniumLibrary">
<doc>Types the given ``text`` into text field identified by ``locator``.</doc>
<arguments>
<arg>xpath://*[@id="P301_SEARCH_TEXT"]</arg>
<arg>${eyedee}</arg>
</arguments>
<msg timestamp="20190828 10:06:54.045" level="INFO">Typing text '19104783' into text field 'xpath://*[@id="P301_SEARCH_TEXT"]'.</msg>
<status status="PASS" starttime="20190828 10:06:54.045" endtime="20190828 10:06:54.142"></status>
</kw>
<kw name="Click Element" library="SeleniumLibrary">
<doc>Click element identified by ``locator``.</doc>
<arguments>
<arg>xpath://*[@id="apex_layout_176308900283848612"]/tbody/tr[1]/td[5]/a</arg>
</arguments>
<msg timestamp="20190828 10:06:54.142" level="INFO">Clicking element 'xpath://*[@id="apex_layout_176308900283848612"]/tbody/tr[1]/td[5]/a'.</msg>
<status status="PASS" starttime="20190828 10:06:54.142" endtime="20190828 10:06:54.564"></status>
</kw>
<kw name="Click Element" library="SeleniumLibrary">
<doc>Click element identified by ``locator``.</doc>
<arguments>
<arg>xpath://*[@id="report_R34198005227411257"]/tbody/tr[2]/td/table/tbody/tr[2]/td[5]/a/img</arg>
</arguments>
<msg timestamp="20190828 10:06:54.564" level="INFO">Clicking element 'xpath://*[@id="report_R34198005227411257"]/tbody/tr[2]/td/table/tbody/tr[2]/td[5]/a/img'.</msg>
<status status="PASS" starttime="20190828 10:06:54.564" endtime="20190828 10:06:54.923"></status>
</kw>
<kw name="Click Element" library="SeleniumLibrary">
<doc>Click element identified by ``locator``.</doc>
<arguments>
<arg>xpath://*[@id="wwvFlowForm"]/div[2]/div[2]/div[2]/div[2]/ul/li[4]/a</arg>
</arguments>
<msg timestamp="20190828 10:06:54.923" level="INFO">Clicking element 'xpath://*[@id="wwvFlowForm"]/div[2]/div[2]/div[2]/div[2]/ul/li[4]/a'.</msg>
<status status="PASS" starttime="20190828 10:06:54.923" endtime="20190828 10:06:55.654"></status>
</kw>
<kw name="Click Element" library="SeleniumLibrary">
<doc>Click element identified by ``locator``.</doc>
<arguments>
<arg>xpath://*[@id="apex_layout_47832382907987045"]/tbody/tr/td/a</arg>
</arguments>
<msg timestamp="20190828 10:06:55.655" level="INFO">Clicking element 'xpath://*[@id="apex_layout_47832382907987045"]/tbody/tr/td/a'.</msg>
<status status="PASS" starttime="20190828 10:06:55.655" endtime="20190828 10:06:56.484"></status>
</kw>
<kw name="Input Text" library="SeleniumLibrary">
<doc>Types the given ``text`` into text field identified by ``locator``.</doc>
<arguments>
<arg>xpath://*[@id="P308_TERM_EMAIL"]</arg>
<arg>${eeemail}</arg>
</arguments>
<msg timestamp="20190828 10:06:56.485" level="INFO">Typing text 'DeniseNoonan@rcsi.ie' into text field 'xpath://*[@id="P308_TERM_EMAIL"]'.</msg>
<status status="PASS" starttime="20190828 10:06:56.485" endtime="20190828 10:06:56.801"></status>
</kw>
<kw name="Click Element" library="SeleniumLibrary">
<doc>Click element identified by ``locator``.</doc>
<arguments>
<arg>xpath://*[@id="apex_layout_47832382907987045"]/tbody/tr/td/a[1]</arg>
</arguments>
<msg timestamp="20190828 10:06:56.801" level="INFO">Clicking element 'xpath://*[@id="apex_layout_47832382907987045"]/tbody/tr/td/a[1]'.</msg>
<status status="PASS" starttime="20190828 10:06:56.801" endtime="20190828 10:06:57.973"></status>
</kw>
<kw name="Click Element" library="SeleniumLibrary">
<doc>Click element identified by ``locator``.</doc>
<arguments>
<arg>xpath://*[@id="wwvFlowForm"]/div[2]/div[2]/div[2]/div[2]/map/div/a[1]</arg>
</arguments>
<msg timestamp="20190828 10:06:57.974" level="INFO">Clicking element 'xpath://*[@id="wwvFlowForm"]/div[2]/div[2]/div[2]/div[2]/map/div/a[1]'.</msg>
<status status="PASS" starttime="20190828 10:06:57.973" endtime="20190828 10:06:58.363"></status>
</kw>
<status status="PASS" starttime="20190828 10:06:54.044" endtime="20190828 10:06:58.364"></status>
</kw>
<kw name="${eyedee} = 19104761, ${eeemail} = DesireeAbuyuan@rcsi.ie" type="foritem">
<kw name="Log To Console" library="BuiltIn">
<doc>Logs the given message to the console.</doc>
<arguments>
<arg>${eyedee}</arg>
<arg>stream=STDOUT</arg>
</arguments>
<status status="PASS" starttime="20190828 10:06:58.364" endtime="20190828 10:06:58.365"></status>
</kw>
<kw name="Input Text" library="SeleniumLibrary">
<doc>Types the given ``text`` into text field identified by ``locator``.</doc>
<arguments>
<arg>xpath://*[@id="P301_SEARCH_TEXT"]</arg>
<arg>${eyedee}</arg>
</arguments>
<msg timestamp="20190828 10:06:58.365" level="INFO">Typing text '19104761' into text field 'xpath://*[@id="P301_SEARCH_TEXT"]'.</msg>
<status status="PASS" starttime="20190828 10:06:58.365" endtime="20190828 10:06:58.455"></status>
</kw>
<kw name="Click Element" library="SeleniumLibrary">
<doc>Click element identified by ``locator``.</doc>
<arguments>
<arg>xpath://*[@id="apex_layout_176308900283848612"]/tbody/tr[1]/td[5]/a</arg>
</arguments>
<msg timestamp="20190828 10:06:58.455" level="INFO">Clicking element 'xpath://*[@id="apex_layout_176308900283848612"]/tbody/tr[1]/td[5]/a'.</msg>
<status status="PASS" starttime="20190828 10:06:58.455" endtime="20190828 10:06:58.902"></status>
</kw>
<kw name="Click Element" library="SeleniumLibrary">
<doc>Click element identified by ``locator``.</doc>
<arguments>
<arg>xpath://*[@id="report_R34198005227411257"]/tbody/tr[2]/td/table/tbody/tr[2]/td[5]/a/img</arg>
</arguments>
<msg timestamp="20190828 10:06:58.902" level="INFO">Clicking element 'xpath://*[@id="report_R34198005227411257"]/tbody/tr[2]/td/table/tbody/tr[2]/td[5]/a/img'.</msg>
<status status="PASS" starttime="20190828 10:06:58.902" endtime="20190828 10:06:59.231"></status>
</kw>
<kw name="Click Element" library="SeleniumLibrary">
<doc>Click element identified by ``locator``.</doc>
<arguments>
<arg>xpath://*[@id="wwvFlowForm"]/div[2]/div[2]/div[2]/div[2]/ul/li[4]/a</arg>
</arguments>
<msg timestamp="20190828 10:06:59.231" level="INFO">Clicking element 'xpath://*[@id="wwvFlowForm"]/div[2]/div[2]/div[2]/div[2]/ul/li[4]/a'.</msg>
<status status="PASS" starttime="20190828 10:06:59.231" endtime="20190828 10:06:59.949"></status>
</kw>
<kw name="Click Element" library="SeleniumLibrary">
<doc>Click element identified by ``locator``.</doc>
<arguments>
<arg>xpath://*[@id="apex_layout_47832382907987045"]/tbody/tr/td/a</arg>
</arguments>
<msg timestamp="20190828 10:06:59.950" level="INFO">Clicking element 'xpath://*[@id="apex_layout_47832382907987045"]/tbody/tr/td/a'.</msg>
<status status="PASS" starttime="20190828 10:06:59.950" endtime="20190828 10:07:00.721"></status>
</kw>
<kw name="Input Text" library="SeleniumLibrary">
<doc>Types the given ``text`` into text field identified by ``locator``.</doc>
<arguments>
<arg>xpath://*[@id="P308_TERM_EMAIL"]</arg>
<arg>${eeemail}</arg>
</arguments>
<msg timestamp="20190828 10:07:00.721" level="INFO">Typing text 'DesireeAbuyuan@rcsi.ie' into text field 'xpath://*[@id="P308_TERM_EMAIL"]'.</msg>
<status status="PASS" starttime="20190828 10:07:00.721" endtime="20190828 10:07:01.066"></status>
</kw>
<kw name="Click Element" library="SeleniumLibrary">
<doc>Click element identified by ``locator``.</doc>
<arguments>
<arg>xpath://*[@id="apex_layout_47832382907987045"]/tbody/tr/td/a[1]</arg>
</arguments>
<msg timestamp="20190828 10:07:01.067" level="INFO">Clicking element 'xpath://*[@id="apex_layout_47832382907987045"]/tbody/tr/td/a[1]'.</msg>
<status status="PASS" starttime="20190828 10:07:01.067" endtime="20190828 10:07:02.323"></status>
</kw>
<kw name="Click Element" library="SeleniumLibrary">
<doc>Click element identified by ``locator``.</doc>
<arguments>
<arg>xpath://*[@id="wwvFlowForm"]/div[2]/div[2]/div[2]/div[2]/map/div/a[1]</arg>
</arguments>
<msg timestamp="20190828 10:07:02.323" level="INFO">Clicking element 'xpath://*[@id="wwvFlowForm"]/div[2]/div[2]/div[2]/div[2]/map/div/a[1]'.</msg>
<status status="PASS" starttime="20190828 10:07:02.323" endtime="20190828 10:07:02.610"></status>
</kw>
<status status="PASS" starttime="20190828 10:06:58.364" endtime="20190828 10:07:02.610"></status>
</kw>
<kw name="${eyedee} = 19106203, ${eeemail} = DHARIALMOTAIRI@rcsi.ie" type="foritem">
<kw name="Log To Console" library="BuiltIn">
<doc>Logs the given message to the console.</doc>
<arguments>
<arg>${eyedee}</arg>
<arg>stream=STDOUT</arg>
</arguments>
<status status="PASS" starttime="20190828 10:07:02.610" endtime="20190828 10:07:02.610"></status>
</kw>
<kw name="Input Text" library="SeleniumLibrary">
<doc>Types the given ``text`` into text field identified by ``locator``.</doc>
<arguments>
<arg>xpath://*[@id="P301_SEARCH_TEXT"]</arg>
<arg>${eyedee}</arg>
</arguments>
<msg timestamp="20190828 10:07:02.611" level="INFO">Typing text '19106203' into text field 'xpath://*[@id="P301_SEARCH_TEXT"]'.</msg>
<status status="PASS" starttime="20190828 10:07:02.611" endtime="20190828 10:07:02.703"></status>
</kw>
<kw name="Click Element" library="SeleniumLibrary">
<doc>Click element identified by ``locator``.</doc>
<arguments>
<arg>xpath://*[@id="apex_layout_176308900283848612"]/tbody/tr[1]/td[5]/a</arg>
</arguments>
<msg timestamp="20190828 10:07:02.703" level="INFO">Clicking element 'xpath://*[@id="apex_layout_176308900283848612"]/tbody/tr[1]/td[5]/a'.</msg>
<status status="PASS" starttime="20190828 10:07:02.703" endtime="20190828 10:07:03.255"></status>
</kw>
<kw name="Click Element" library="SeleniumLibrary">
<doc>Click element identified by ``locator``.</doc>
<arguments>
<arg>xpath://*[@id="report_R34198005227411257"]/tbody/tr[2]/td/table/tbody/tr[2]/td[5]/a/img</arg>
</arguments>
<msg timestamp="20190828 10:07:03.255" level="INFO">Clicking element 'xpath://*[@id="report_R34198005227411257"]/tbody/tr[2]/td/table/tbody/tr[2]/td[5]/a/img'.</msg>
<status status="PASS" starttime="20190828 10:07:03.255" endtime="20190828 10:07:03.660"></status>
</kw>
<kw name="Click Element" library="SeleniumLibrary">
<doc>Click element identified by ``locator``.</doc>
<arguments>
<arg>xpath://*[@id="wwvFlowForm"]/div[2]/div[2]/div[2]/div[2]/ul/li[4]/a</arg>
</arguments>
<msg timestamp="20190828 10:07:03.661" level="INFO">Clicking element 'xpath://*[@id="wwvFlowForm"]/div[2]/div[2]/div[2]/div[2]/ul/li[4]/a'.</msg>
<status status="PASS" starttime="20190828 10:07:03.660" endtime="20190828 10:07:04.316"></status>
</kw>
<kw name="Click Element" library="SeleniumLibrary">
<doc>Click element identified by ``locator``.</doc>
<arguments>
<arg>xpath://*[@id="apex_layout_47832382907987045"]/tbody/tr/td/a</arg>
</arguments>
[...]
<status status="PASS" starttime="20190828 10:14:27.492" endtime="20190828 10:14:27.796"></status>
</kw>
<kw name="Click Element" library="SeleniumLibrary">
<doc>Click element identified by ``locator``.</doc>
<arguments>
<arg>xpath://*[@id="wwvFlowForm"]/div[2]/div[2]/div[2]/div[2]/ul/li[4]/a</arg>
</arguments>
<msg timestamp="20190828 10:14:27.797" level="INFO">Clicking element 'xpath://*[@id="wwvFlowForm"]/div[2]/div[2]/div[2]/div[2]/ul/li[4]/a'.</msg>
<status status="PASS" starttime="20190828 10:14:27.797" endtime="20190828 10:14:28.680"></status>
</kw>
<kw name="Click Element" library="SeleniumLibrary">
<doc>Click element identified by ``locator``.</doc>
<arguments>
<arg>xpath://*[@id="apex_layout_47832382907987045"]/tbody/tr/td/a</arg>
</arguments>
<msg timestamp="20190828 10:14:28.681" level="INFO">Clicking element 'xpath://*[@id="apex_layout_47832382907987045"]/tbody/tr/td/a'.</msg>
<status status="PASS" starttime="20190828 10:14:28.681" endtime="20190828 10:14:29.367"></status>
</kw>
<kw name="Input Text" library="SeleniumLibrary">
<doc>Types the given ``text`` into text field identified by ``locator``.</doc>
<arguments>
<arg>xpath://*[@id="P308_TERM_EMAIL"]</arg>
<arg>${eeemail}</arg>
</arguments>
<msg timestamp="20190828 10:14:29.367" level="INFO">Typing text 'JordanaLayno@rcsi.ie' into text field 'xpath://*[@id="P308_TERM_EMAIL"]'.</msg>
<status status="PASS" starttime="20190828 10:14:29.367" endtime="20190828 10:14:29.722"></status>
</kw>
<kw name="Click Element" library="SeleniumLibrary">
<doc>Click element identified by ``locator``.</doc>
<arguments>
<arg>xpath://*[@id="apex_layout_47832382907987045"]/tbody/tr/td/a[1]</arg>
</arguments>
<msg timestamp="20190828 10:14:29.723" level="INFO">Clicking element 'xpath://*[@id="apex_layout_47832382907987045"]/tbody/tr/td/a[1]'.</msg>
<status status="PASS" starttime="20190828 10:14:29.723" endtime="20190828 10:14:30.951"></status>
</kw>
<kw name="Click Element" library="SeleniumLibrary">
<doc>Click element identified by ``locator``.</doc>
<arguments>
<arg>xpath://*[@id="wwvFlowForm"]/div[2]/div[2]/div[2]/div[2]/map/div/a[1]</arg>
</arguments>
<msg timestamp="20190828 10:14:30.951" level="INFO">Clicking element 'xpath://*[@id="wwvFlowForm"]/div[2]/div[2]/div[2]/div[2]/map/div/a[1]'.</msg>
<status status="PASS" starttime="20190828 10:14:30.951" endtime="20190828 10:14:31.258"></status>
</kw>
<status status="PASS" starttime="20190828 10:14:26.986" endtime="20190828 10:14:31.258"></status>
</kw>
<kw name="${eyedee} = 11105810, ${eeemail} = josephinechacko@rcsi.ie" type="foritem">
<kw name="Log To Console" library="BuiltIn">
<doc>Logs the given message to the console.</doc>
<arguments>
<arg>${eyedee}</arg>
<arg>stream=STDOUT</arg>
</arguments>
<status status="PASS" starttime="20190828 10:14:31.258" endtime="20190828 10:14:31.259"></status>
</kw>
<kw name="Input Text" library="SeleniumLibrary">
<doc>Types the given ``text`` into text field identified by ``locator``.</doc>
<arguments>
<arg>xpath://*[@id="P301_SEARCH_TEXT"]</arg>
<arg>${eyedee}</arg>
</arguments>
<msg timestamp="20190828 10:14:31.259" level="INFO">Typing text '11105810' into text field 'xpath://*[@id="P301_SEARCH_TEXT"]'.</msg>
<status status="PASS" starttime="20190828 10:14:31.259" endtime="20190828 10:14:31.416"></status>
</kw>
<kw name="Click Element" library="SeleniumLibrary">
<doc>Click element identified by ``locator``.</doc>
<arguments>
<arg>xpath://*[@id="apex_layout_176308900283848612"]/tbody/tr[1]/td[5]/a</arg>
</arguments>
<msg timestamp="20190828 10:14:31.417" level="INFO">Clicking element 'xpath://*[@id="apex_layout_176308900283848612"]/tbody/tr[1]/td[5]/a'.</msg>
<status status="PASS" starttime="20190828 10:14:31.416" endtime="20190828 10:14:31.773"></status>
</kw>
<kw name="Click Element" library="SeleniumLibrary">
<doc>Click element identified by ``locator``.</doc>
<arguments>
<arg>xpath://*[@id="report_R34198005227411257"]/tbody/tr[2]/td/table/tbody/tr[2]/td[5]/a/img</arg>
</arguments>
<msg timestamp="20190828 10:14:31.773" level="INFO">Clicking element 'xpath://*[@id="report_R34198005227411257"]/tbody/tr[2]/td/table/tbody/tr[2]/td[5]/a/img'.</msg>
<status status="PASS" starttime="20190828 10:14:31.773" endtime="20190828 10:14:32.185"></status>
</kw>
<kw name="Click Element" library="SeleniumLibrary">
<doc>Click element identified by ``locator``.</doc>
<arguments>
<arg>xpath://*[@id="wwvFlowForm"]/div[2]/div[2]/div[2]/div[2]/ul/li[4]/a</arg>
</arguments>
<msg timestamp="20190828 10:14:32.185" level="INFO">Clicking element 'xpath://*[@id="wwvFlowForm"]/div[2]/div[2]/div[2]/div[2]/ul/li[4]/a'.</msg>
<status status="PASS" starttime="20190828 10:14:32.185" endtime="20190828 10:14:32.998"></status>
</kw>
<kw name="Click Element" library="SeleniumLibrary">
<doc>Click element identified by ``locator``.</doc>
<arguments>
<arg>xpath://*[@id="apex_layout_47832382907987045"]/tbody/tr/td/a</arg>
</arguments>
<msg timestamp="20190828 10:14:32.999" level="INFO">Clicking element 'xpath://*[@id="apex_layout_47832382907987045"]/tbody/tr/td/a'.</msg>
<status status="PASS" starttime="20190828 10:14:32.998" endtime="20190828 10:14:33.893"></status>
</kw>
<kw name="Input Text" library="SeleniumLibrary">
<doc>Types the given ``text`` into text field identified by ``locator``.</doc>
<arguments>
<arg>xpath://*[@id="P308_TERM_EMAIL"]</arg>
<arg>${eeemail}</arg>
</arguments>
<msg timestamp="20190828 10:14:33.893" level="INFO">Typing text 'josephinechacko@rcsi.ie' into text field 'xpath://*[@id="P308_TERM_EMAIL"]'.</msg>
<status status="PASS" starttime="20190828 10:14:33.893" endtime="20190828 10:14:34.366"></status>
</kw>
<kw name="Click Element" library="SeleniumLibrary">
<doc>Click element identified by ``locator``.</doc>
<arguments>
<arg>xpath://*[@id="apex_layout_47832382907987045"]/tbody/tr/td/a[1]</arg>
</arguments>
<msg timestamp="20190828 10:14:34.366" level="INFO">Clicking element 'xpath://*[@id="apex_layout_47832382907987045"]/tbody/tr/td/a[1]'.</msg>
<status status="PASS" starttime="20190828 10:14:34.366" endtime="20190828 10:14:35.564"></status>
</kw>
<kw name="Click Element" library="SeleniumLibrary">
<doc>Click element identified by ``locator``.</doc>
<arguments>
<arg>xpath://*[@id="wwvFlowForm"]/div[2]/div[2]/div[2]/div[2]/map/div/a[1]</arg>
</arguments>
<msg timestamp="20190828 10:14:35.564" level="INFO">Clicking element 'xpath://*[@id="wwvFlowForm"]/div[2]/div[2]/div[2]/div[2]/map/div/a[1]'.</msg>
<status status="PASS" starttime="20190828 10:14:35.564" endtime="20190828 10:14:35.931"></status>
</kw>
<status status="PASS" starttime="20190828 10:14:31.258" endtime="20190828 10:14:35.931"></status>
</kw>
<kw name="${eyedee} = 19737279, ${eeemail} = JosephLawlor@rcsi.ie" type="foritem">
<kw name="Log To Console" library="BuiltIn">
<doc>Logs the given message to the console.</doc>
<arguments>
<arg>${eyedee}</arg>
<arg>stream=STDOUT</arg>
</arguments>
<status status="PASS" starttime="20190828 10:14:35.931" endtime="20190828 10:14:35.932"></status>
</kw>
<kw name="Input Text" library="SeleniumLibrary">
<doc>Types the given ``text`` into text field identified by ``locator``.</doc>
<arguments>
<arg>xpath://*[@id="P301_SEARCH_TEXT"]</arg>
<arg>${eyedee}</arg>
</arguments>
<msg timestamp="20190828 10:14:35.933" level="INFO">Typing text '19737279' into text field 'xpath://*[@id="P301_SEARCH_TEXT"]'.</msg>
<status status="PASS" starttime="20190828 10:14:35.932" endtime="20190828 10:14:36.023"></status>
</kw>
<kw name="Click Element" library="SeleniumLibrary">
<doc>Click element identified by ``locator``.</doc>
<arguments>
<arg>xpath://*[@id="apex_layout_176308900283848612"]/tbody/tr[1]/td[5]/a</arg>
</arguments>
<msg timestamp="20190828 10:14:36.023" level="INFO">Clicking element 'xpath://*[@id="apex_layout_176308900283848612"]/tbody/tr[1]/td[5]/a'.</msg>
<status status="PASS" starttime="20190828 10:14:36.023" endtime="20190828 10:14:36.554"></status>
</kw>
<kw name="Click Element" library="SeleniumLibrary">
<doc>Click element identified by ``locator``.</doc>
<arguments>
<arg>xpath://*[@id="report_R34198005227411257"]/tbody/tr[2]/td/table/tbody/tr[2]/td[5]/a/img</arg>
</arguments>
<msg timestamp="20190828 10:14:36.555" level="INFO">Clicking element 'xpath://*[@id="report_R34198005227411257"]/tbody/tr[2]/td/table/tbody/tr[2]/td[5]/a/img'.</msg>
<status status="PASS" starttime="20190828 10:14:36.555" endtime="20190828 10:14:36.962"></status>
</kw>
<kw name="Click Element" library="SeleniumLibrary">
<doc>Click element identified by ``locator``.</doc>
<arguments>
<arg>xpath://*[@id="wwvFlowForm"]/div[2]/div[2]/div[2]/div[2]/ul/li[4]/a</arg>
</arguments>
<msg timestamp="20190828 10:14:36.963" level="INFO">Clicking element 'xpath://*[@id="wwvFlowForm"]/div[2]/div[2]/div[2]/div[2]/ul/li[4]/a'.</msg>
<status status="PASS" starttime="20190828 10:14:36.963" endtime="20190828 10:14:37.857"></status>
</kw>
<kw name="Click Element" library="SeleniumLibrary">
<doc>Click element identified by ``locator``.</doc>
<arguments>
<arg>xpath://*[@id="apex_layout_47832382907987045"]/tbody/tr/td/a</arg>
</arguments>
<msg timestamp="20190828 10:14:37.859" level="INFO">Clicking element 'xpath://*[@id="apex_layout_47832382907987045"]/tbody/tr/td/a'.</msg>
<status status="PASS" starttime="20190828 10:14:37.858" endtime="20190828 10:14:38.520"></status>
</kw>
<kw name="Input Text" library="SeleniumLibrary">
<doc>Types the given ``text`` into text field identified by ``locator``.</doc>
<arguments>
<arg>xpath://*[@id="P308_TERM_EMAIL"]</arg>
<arg>${eeemail}</arg>
</arguments>
<msg timestamp="20190828 10:14:38.520" level="INFO">Typing text 'JosephLawlor@rcsi.ie' into text field 'xpath://*[@id="P308_TERM_EMAIL"]'.</msg>
<status status="PASS" starttime="20190828 10:14:38.520" endtime="20190828 10:14:38.814"></status>
</kw>
<kw name="Click Element" library="SeleniumLibrary">
<doc>Click element identified by ``locator``.</doc>
<arguments>
<arg>xpath://*[@id="apex_layout_47832382907987045"]/tbody/tr/td/a[1]</arg>
</arguments>
<msg timestamp="20190828 10:14:38.814" level="INFO">Clicking element 'xpath://*[@id="apex_layout_47832382907987045"]/tbody/tr/td/a[1]'.</msg>
<status status="PASS" starttime="20190828 10:14:38.814" endtime="20190828 10:14:40.111"></status>
</kw>
<kw name="Click Element" library="SeleniumLibrary">
<doc>Click element identified by ``locator``.</doc>
<arguments>
<arg>xpath://*[@id="wwvFlowForm"]/div[2]/div[2]/div[2]/div[2]/map/div/a[1]</arg>
</arguments>
<msg timestamp="20190828 10:14:40.111" level="INFO">Clicking element 'xpath://*[@id="wwvFlowForm"]/div[2]/div[2]/div[2]/div[2]/map/div/a[1]'.</msg>
<status status="PASS" starttime="20190828 10:14:40.111" endtime="20190828 10:14:40.442"></status>
</kw>
<status status="PASS" starttime="20190828 10:14:35.931" endtime="20190828 10:14:40.442"></status>
</kw>
<kw name="${eyedee} = 19105100, ${eeemail} = JoShuaChow@rcsi.ie" type="foritem">
<kw name="Log To Console" library="BuiltIn">
<doc>Logs the given message to the console.</doc>
<arguments>
<arg>${eyedee}</arg>
<arg>stream=STDOUT</arg>
</arguments>
<status status="PASS" starttime="20190828 10:14:40.443" endtime="20190828 10:14:40.443"></status>
</kw>
<kw name="Input Text" library="SeleniumLibrary">
<doc>Types the given ``text`` into text field identified by ``locator``.</doc>
<arguments>
<arg>xpath://*[@id="P301_SEARCH_TEXT"]</arg>
<arg>${eyedee}</arg>
</arguments>
<msg timestamp="20190828 10:14:40.444" level="INFO">Typing text '19105100' into text field 'xpath://*[@id="P301_SEARCH_TEXT"]'.</msg>
<status status="PASS" starttime="20190828 10:14:40.443" endtime="20190828 10:14:40.661"></status>
</kw>
<kw name="Click Element" library="SeleniumLibrary">
<doc>Click element identified by ``locator``.</doc>
<arguments>
<arg>xpath://*[@id="apex_layout_176308900283848612"]/tbody/tr[1]/td[5]/a</arg>
</arguments>
<msg timestamp="20190828 10:14:40.661" level="INFO">Clicking element 'xpath://*[@id="apex_layout_176308900283848612"]/tbody/tr[1]/td[5]/a'.</msg>
<status status="PASS" starttime="20190828 10:14:40.661" endtime="20190828 10:14:41.063"></status>
</kw>
<kw name="Click Element" library="SeleniumLibrary">
<doc>Click element identified by ``locator``.</doc>
<arguments>
<arg>xpath://*[@id="report_R34198005227411257"]/tbody/tr[2]/td/table/tbody/tr[2]/td[5]/a/img</arg>
</arguments>
<msg timestamp="20190828 10:14:41.064" level="INFO">Clicking element 'xpath://*[@id="report_R34198005227411257"]/tbody/tr[2]/td/table/tbody/tr[2]/td[5]/a/img'.</msg>
<status status="PASS" starttime="20190828 10:14:41.064" endtime="20190828 10:14:41.417"></status>
</kw>
<kw name="Click Element" library="SeleniumLibrary">
<doc>Click element identified by ``locator``.</doc>
<arguments>
<arg>xpath://*[@id="wwvFlowForm"]/div[2]/div[2]/div[2]/div[2]/ul/li[4]/a</arg>
</arguments>
<msg timestamp="20190828 10:14:41.417" level="INFO">Clicking element 'xpath://*[@id="wwvFlowForm"]/div[2]/div[2]/div[2]/div[2]/ul/li[4]/a'.</msg>
<status status="PASS" starttime="20190828 10:14:41.417" endtime="20190828 10:14:42.325"></status>
</kw>
<kw name="Click Element" library="SeleniumLibrary">
<doc>Click element identified by ``locator``.</doc>
<arguments>
<arg>xpath://*[@id="apex_layout_47832382907987045"]/tbody/tr/td/a</arg>
</arguments>
<msg timestamp="20190828 10:14:42.325" level="INFO">Clicking element 'xpath://*[@id="apex_layout_47832382907987045"]/tbody/tr/td/a'.</msg>
<status status="PASS" starttime="20190828 10:14:42.325" endtime="20190828 10:14:43.060"></status>
</kw>
<kw name="Input Text" library="SeleniumLibrary">
<doc>Types the given ``text`` into text field identified by ``locator``.</doc>
<arguments>
<arg>xpath://*[@id="P308_TERM_EMAIL"]</arg>
<arg>${eeemail}</arg>
</arguments>
<msg timestamp="20190828 10:14:43.060" level="INFO">Typing text 'JoShuaChow@rcsi.ie' into text field 'xpath://*[@id="P308_TERM_EMAIL"]'.</msg>
<status status="PASS" starttime="20190828 10:14:43.060" endtime="20190828 10:14:43.426"></status>
</kw>
<kw name="Click Element" library="SeleniumLibrary">
<doc>Click element identified by ``locator``.</doc>
<arguments>
<arg>xpath://*[@id="apex_layout_47832382907987045"]/tbody/tr/td/a[1]</arg>
</arguments>
<msg timestamp="20190828 10:14:43.426" level="INFO">Clicking element 'xpath://*[@id="apex_layout_47832382907987045"]/tbody/tr/td/a[1]'.</msg>
<status status="PASS" starttime="20190828 10:14:43.426" endtime="20190828 10:14:45.188"></status>
</kw>
<kw name="Click Element" library="SeleniumLibrary">
<doc>Click element identified by ``locator``.</doc>
<arguments>
<arg>xpath://*[@id="wwvFlowForm"]/div[2]/div[2]/div[2]/div[2]/map/div/a[1]</arg>
</arguments>
<msg timestamp="20190828 10:14:45.188" level="INFO">Clicking element 'xpath://*[@id="wwvFlowForm"]/div[2]/div[2]/div[2]/div[2]/map/div/a[1]'.</msg>
<status status="PASS" starttime="20190828 10:14:45.188" endtime="20190828 10:14:45.615"></status>
</kw>
<status status="PASS" starttime="20190828 10:14:40.443" endtime="20190828 10:14:45.615"></status>
</kw>
<kw name="${eyedee} = 19103946, ${eeemail} = JOTHISANNAGEORGE@rcsi.ie" type="foritem">
<kw name="Log To Console" library="BuiltIn">
<doc>Logs the given message to the console.</doc>
<arguments>
<arg>${eyedee}</arg>
<arg>stream=STDOUT</arg>
</arguments>
<status status="PASS" starttime="20190828 10:14:45.615" endtime="20190828 10:14:45.615"></status>
</kw>
<kw name="Input Text" library="SeleniumLibrary">
<doc>Types the given ``text`` into text field identified by ``locator``.</doc>
<arguments>
<arg>xpath://*[@id="P301_SEARCH_TEXT"]</arg>
<arg>${eyedee}</arg>
</arguments>
<msg timestamp="20190828 10:14:45.615" level="INFO">Typing text '19103946' into text field 'xpath://*[@id="P301_SEARCH_TEXT"]'.</msg>
<status status="PASS" starttime="20190828 10:14:45.615" endtime="20190828 10:14:45.733"></status>
</kw>
<kw name="Click Element" library="SeleniumLibrary">
<doc>Click element identified by ``locator``.</doc>
<arguments>
<arg>xpath://*[@id="apex_layout_176308900283848612"]/tbody/tr[1]/td[5]/a</arg>
</arguments>
<msg timestamp="20190828 10:14:45.734" level="INFO">Clicking element 'xpath://*[@id="apex_layout_176308900283848612"]/tbody/tr[1]/td[5]/a'.</msg>
<status status="PASS" starttime="20190828 10:14:45.733" endtime="20190828 10:14:46.315"></status>
</kw>
<kw name="Click Element" library="SeleniumLibrary">
<doc>Click element identified by ``locator``.</doc>
<arguments>
<arg>xpath://*[@id="report_R34198005227411257"]/tbody/tr[2]/td/table/tbody/tr[2]/td[5]/a/img</arg>
</arguments>
<msg timestamp="20190828 10:14:46.315" level="INFO">Clicking element 'xpath://*[@id="report_R34198005227411257"]/tbody/tr[2]/td/table/tbody/tr[2]/td[5]/a/img'.</msg>
<status status="PASS" starttime="20190828 10:14:46.315" endtime="20190828 10:14:46.653"></status>
</kw>
<kw name="Click Element" library="SeleniumLibrary">
<doc>Click element identified by ``locator``.</doc>
<arguments>
<arg>xpath://*[@id="wwvFlowForm"]/div[2]/div[2]/div[2]/div[2]/ul/li[4]/a</arg>
</arguments>
<msg timestamp="20190828 10:14:46.654" level="INFO">Clicking element 'xpath://*[@id="wwvFlowForm"]/div[2]/div[2]/div[2]/div[2]/ul/li[4]/a'.</msg>
<status status="PASS" starttime="20190828 10:14:46.654" endtime="20190828 10:14:47.478"></status>
</kw>
<kw name="Click Element" library="SeleniumLibrary">
<doc>Click element identified by ``locator``.</doc>
<arguments>
<arg>xpath://*[@id="apex_layout_47832382907987045"]/tbody/tr/td/a</arg>
</arguments>
<msg timestamp="20190828 10:14:47.479" level="INFO">Clicking element 'xpath://*[@id="apex_layout_47832382907987045"]/tbody/tr/td/a'.</msg>
<status status="PASS" starttime="20190828 10:14:47.479" endtime="20190828 10:14:48.156"></status>
</kw>
<kw name="Input Text" library="SeleniumLibrary">
<doc>Types the given ``text`` into text field identified by ``locator``.</doc>
<arguments>
<arg>xpath://*[@id="P308_TERM_EMAIL"]</arg>
<arg>${eeemail}</arg>
</arguments>
<msg timestamp="20190828 10:14:48.157" level="INFO">Typing text 'JOTHISANNAGEORGE@rcsi.ie' into text field 'xpath://*[@id="P308_TERM_EMAIL"]'.</msg>
<status status="PASS" starttime="20190828 10:14:48.157" endtime="20190828 10:14:48.626"></status>
</kw>
<kw name="Click Element" library="SeleniumLibrary">
<doc>Click element identified by ``locator``.</doc>
<arguments>
<arg>xpath://*[@id="apex_layout_47832382907987045"]/tbody/tr/td/a[1]</arg>
</arguments>
<msg timestamp="20190828 10:14:48.627" level="INFO">Clicking element 'xpath://*[@id="apex_layout_47832382907987045"]/tbody/tr/td/a[1]'.</msg>
<status status="PASS" starttime="20190828 10:14:48.627" endtime="20190828 10:14:50.017"></status>
</kw>
<kw name="Click Element" library="SeleniumLibrary">
<doc>Click element identified by ``locator``.</doc>
<arguments>
<arg>xpath://*[@id="wwvFlowForm"]/div[2]/div[2]/div[2]/div[2]/map/div/a[1]</arg>
</arguments>
<msg timestamp="20190828 10:14:50.018" level="INFO">Clicking element 'xpath://*[@id="wwvFlowForm"]/div[2]/div[2]/div[2]/div[2]/map/div/a[1]'.</msg>
<status status="PASS" starttime="20190828 10:14:50.018" endtime="20190828 10:14:50.341"></status>
</kw>
<status status="PASS" starttime="20190828 10:14:45.615" endtime="20190828 10:14:50.341"></status>
</kw>
<status status="PASS" starttime="20190828 10:05:41.851" endtime="20190828 10:14:50.341"></status>
</kw>
<status status="PASS" starttime="20190828 10:05:33.391" endtime="20190828 10:14:50.342" critical="yes"></status>
</test>
<kw name="Close Browser" library="SeleniumLibrary" type="teardown">
<doc>Closes the current browser.</doc>
<status status="PASS" starttime="20190828 10:14:50.345" endtime="20190828 10:14:52.937"></status>
</kw>
<status status="PASS" starttime="20190828 10:05:33.141" endtime="20190828 10:14:52.937"></status>
</suite>
<statistics>
<total>
<stat pass="1" fail="0">Critical Tests</stat>
<stat pass="1" fail="0">All Tests</stat>
</total>
<tag>
</tag>
<suite>
<stat pass="1" fail="0" id="s1" name="Email Update">Email Update</stat>
</suite>
</statistics>
<errors>
</errors>
</robot>
